usearch v7.0.1090_i86linux32, 4.0Gb RAM (132Gb total), 40 cores
usearch -fastq_stats data/ABCD_combined_reads.fastq -log data/fastq_stats.log 
Started Thu Jan 16 08:25:28 2014

Read length distribution
      L           N      Pct   AccPct
-------  ----------  -------  -------
>=  394         427     0.0%     1.0%
    393         428     0.0%     1.0%
    392         441     0.0%     1.1%
    391         473     0.0%     1.1%
    390         531     0.0%     1.1%
    389         468     0.0%     1.2%
    388         506     0.0%     1.2%
    387         526     0.0%     1.2%
    386         543     0.0%     1.2%
    385         516     0.0%     1.3%
    384         616     0.0%     1.3%
    383         594     0.0%     1.3%
    382         593     0.0%     1.4%
    381         604     0.0%     1.4%
    380         619     0.0%     1.5%
    379         605     0.0%     1.5%
    378         652     0.0%     1.5%
    377         685     0.0%     1.6%
    376         712     0.0%     1.6%
    375         731     0.0%     1.6%
    374         761     0.0%     1.7%
    373         776     0.0%     1.7%
    372         787     0.0%     1.8%
    371         816     0.0%     1.8%
    370         850     0.0%     1.9%
    369         859     0.0%     1.9%
    368         927     0.1%     2.0%
    367         979     0.1%     2.0%
    366         977     0.1%     2.1%
    365         990     0.1%     2.2%
    364        1076     0.1%     2.2%
    363        1144     0.1%     2.3%
    362        1234     0.1%     2.4%
    361        1288     0.1%     2.4%
    360        1332     0.1%     2.5%
    359        1492     0.1%     2.6%
    358        1593     0.1%     2.7%
    357        1697     0.1%     2.8%
    356        1879     0.1%     2.9%
    355        2155     0.1%     3.0%
    354        2509     0.1%     3.2%
    353        2767     0.2%     3.3%
    352        3268     0.2%     3.5%
    351        3686     0.2%     3.7%
    350        3625     0.2%     3.9%
    349        3778     0.2%     4.2%
    348        3589     0.2%     4.4%
    347        3972     0.2%     4.6%
    346        4296     0.2%     4.8%
    345        4806     0.3%     5.1%
    344        5175     0.3%     5.4%
    343        6146     0.4%     5.8%
    342        6982     0.4%     6.2%
    341        8677     0.5%     6.7%
    340       12007     0.7%     7.4%
    339       18696     1.1%     8.5%
    338       37043     2.2%    10.6%
    337       78045     4.5%    15.2%
    336      144023     8.4%    23.5%
    335      215395    12.5%    36.1%
    334      284320    16.5%    52.6%
    333      296382    17.2%    69.8%
    332      230148    13.4%    83.2%
    331      246285    14.3%    97.5%
    330       28450     1.7%    99.2%
    329        4899     0.3%    99.4%
    328        1589     0.1%    99.5%
    327         786     0.0%    99.6%
    326         510     0.0%    99.6%
    325         408     0.0%    99.6%
    324         386     0.0%    99.7%
    323         372     0.0%    99.7%
    322         324     0.0%    99.7%
    321         292     0.0%    99.7%
    320         145     0.0%    99.7%
    319          98     0.0%    99.7%
    318          75     0.0%    99.7%
    317          53     0.0%    99.7%
    316          66     0.0%    99.7%
    315          51     0.0%    99.7%
    314          37     0.0%    99.7%
    313          46     0.0%    99.7%
    312          34     0.0%    99.8%
    311          40     0.0%    99.8%
    310          31     0.0%    99.8%
    309          66     0.0%    99.8%
    308          79     0.0%    99.8%
    307          75     0.0%    99.8%
    306          57     0.0%    99.8%
    305         102     0.0%    99.8%
    304         134     0.0%    99.8%
    303         163     0.0%    99.8%
    302         178     0.0%    99.8%
    301         193     0.0%    99.8%
    300         132     0.0%    99.8%
    299          68     0.0%    99.8%
    298          35     0.0%    99.8%
    297          17     0.0%    99.8%
    296          11     0.0%    99.8%
    295           8     0.0%    99.8%
    294           9     0.0%    99.8%
    293           4     0.0%    99.8%
    292           5     0.0%    99.8%
    291           5     0.0%    99.8%
    290           7     0.0%    99.8%
    289           6     0.0%    99.8%
    288           8     0.0%    99.8%
    287           6     0.0%    99.8%
    286           7     0.0%    99.8%
    285           6     0.0%    99.8%
    284           8     0.0%    99.8%
    283          20     0.0%    99.8%
    282          20     0.0%    99.8%
    281          20     0.0%    99.8%
    280          23     0.0%    99.8%
    279          10     0.0%    99.8%
    278           6     0.0%    99.8%
    277           5     0.0%    99.8%
    276           2     0.0%    99.8%
    275           3     0.0%    99.8%
    274           3     0.0%    99.8%
    273           2     0.0%    99.8%
    272           2     0.0%    99.8%
    271           5     0.0%    99.8%
    270           3     0.0%    99.8%
    269           4     0.0%    99.8%
    267           1     0.0%    99.8%
    266           4     0.0%    99.8%
    265           1     0.0%    99.8%
    264           1     0.0%    99.8%
    262           4     0.0%    99.8%
    261           4     0.0%    99.8%
    260           2     0.0%    99.8%
    259           3     0.0%    99.8%
    258           2     0.0%    99.8%
    257           3     0.0%    99.8%
    256           3     0.0%    99.8%
    255           5     0.0%    99.8%
    254           5     0.0%    99.8%
    253           1     0.0%    99.8%
    252           3     0.0%    99.8%
    251           3     0.0%    99.8%
    250           3     0.0%    99.8%
    249           3     0.0%    99.8%
    248           2     0.0%    99.8%
    247           1     0.0%    99.8%
    245           3     0.0%    99.8%
    244           1     0.0%    99.8%
    243           4     0.0%    99.8%
    241           2     0.0%    99.8%
    240           3     0.0%    99.8%
    239           3     0.0%    99.8%
    238           2     0.0%    99.8%
    237           2     0.0%    99.8%
    236           3     0.0%    99.8%
    235           1     0.0%    99.8%
    234           2     0.0%    99.8%
    233           1     0.0%    99.8%
    232           2     0.0%    99.8%
    231           5     0.0%    99.8%
    230           1     0.0%    99.8%
    229           1     0.0%    99.8%
    226           1     0.0%    99.8%
    224           1     0.0%    99.8%
    223           2     0.0%    99.8%
    222           3     0.0%    99.8%
    221           1     0.0%    99.8%
    219           1     0.0%    99.8%
    218           8     0.0%    99.8%
    217           3     0.0%    99.8%
    216           2     0.0%    99.8%
    214           3     0.0%    99.8%
    213           4     0.0%    99.8%
    212           3     0.0%    99.8%
    210           5     0.0%    99.9%
    209           5     0.0%    99.9%
    208           2     0.0%    99.9%
    207           4     0.0%    99.9%
    206           1     0.0%    99.9%
    205           5     0.0%    99.9%
    204          10     0.0%    99.9%
    203           2     0.0%    99.9%
    202           7     0.0%    99.9%
    201           7     0.0%    99.9%
    200           4     0.0%    99.9%
    199           3     0.0%    99.9%
    198           3     0.0%    99.9%
    197           3     0.0%    99.9%
    196           3     0.0%    99.9%
    195           5     0.0%    99.9%
    194           3     0.0%    99.9%
    193           2     0.0%    99.9%
    192           3     0.0%    99.9%
    191           4     0.0%    99.9%
    190           2     0.0%    99.9%
    189           3     0.0%    99.9%
    188           2     0.0%    99.9%
    187           6     0.0%    99.9%
    186           4     0.0%    99.9%
    185           6     0.0%    99.9%
    184           5     0.0%    99.9%
    183           5     0.0%    99.9%
    182           5     0.0%    99.9%
    181           4     0.0%    99.9%
    180           7     0.0%    99.9%
    179          11     0.0%    99.9%
    178           4     0.0%    99.9%
    177           5     0.0%    99.9%
    176           5     0.0%    99.9%
    175          10     0.0%    99.9%
    174          13     0.0%    99.9%
    173           9     0.0%    99.9%
    172           8     0.0%    99.9%
    171           9     0.0%    99.9%
    170           4     0.0%    99.9%
    169           7     0.0%    99.9%
    168           6     0.0%    99.9%
    167           6     0.0%    99.9%
    166           5     0.0%    99.9%
    165           5     0.0%    99.9%
    164           7     0.0%    99.9%
    163           3     0.0%    99.9%
    162           6     0.0%    99.9%
    161           2     0.0%    99.9%
    160           1     0.0%    99.9%
    159           1     0.0%    99.9%
    158           4     0.0%    99.9%
    157           1     0.0%    99.9%
    156           2     0.0%    99.9%
    155           2     0.0%    99.9%
    154           3     0.0%    99.9%
    153           3     0.0%    99.9%
    152           1     0.0%    99.9%
    151           2     0.0%    99.9%
    150           3     0.0%    99.9%
    149           1     0.0%    99.9%
    148           1     0.0%    99.9%
    147           1     0.0%    99.9%
    146           2     0.0%    99.9%
    145           1     0.0%    99.9%
    144           1     0.0%    99.9%
    143           3     0.0%    99.9%
    141           3     0.0%    99.9%
    140           1     0.0%    99.9%
    139           3     0.0%    99.9%
    138           4     0.0%    99.9%
    137           3     0.0%    99.9%
    136           1     0.0%    99.9%
    135           2     0.0%    99.9%
    134           8     0.0%    99.9%
    133          13     0.0%    99.9%
    132           6     0.0%    99.9%
    131           2     0.0%    99.9%
    130          10     0.0%    99.9%
    129           9     0.0%    99.9%
    128          14     0.0%    99.9%
    127           6     0.0%    99.9%
    126           1     0.0%    99.9%
    125           4     0.0%    99.9%
    124           5     0.0%    99.9%
    123           2     0.0%    99.9%
    122           4     0.0%    99.9%
    121          10     0.0%    99.9%
    120           6     0.0%    99.9%
    119           3     0.0%    99.9%
    118           6     0.0%    99.9%
    117           6     0.0%    99.9%
    116           4     0.0%    99.9%
    115           5     0.0%    99.9%
    114           6     0.0%    99.9%
    113           6     0.0%    99.9%
    112           5     0.0%    99.9%
    111           8     0.0%    99.9%
    110           6     0.0%    99.9%
    109           6     0.0%    99.9%
    108           6     0.0%    99.9%
    107           4     0.0%    99.9%
    106           5     0.0%    99.9%
    105           9     0.0%    99.9%
    104           4     0.0%    99.9%
    103          14     0.0%    99.9%
    102          15     0.0%    99.9%
    101           6     0.0%    99.9%
    100           6     0.0%    99.9%
     99           6     0.0%    99.9%
     98           8     0.0%    99.9%
     97           6     0.0%    99.9%
     96           8     0.0%    99.9%
     95          12     0.0%    99.9%
     94          11     0.0%    99.9%
     93          18     0.0%    99.9%
     92           9     0.0%    99.9%
     91          19     0.0%    99.9%
     90           9     0.0%    99.9%
     89          16     0.0%    99.9%
     88          18     0.0%    99.9%
     87          30     0.0%    99.9%
     86          56     0.0%    99.9%
     85          84     0.0%    99.9%
     84         454     0.0%    99.9%
     83         110     0.0%    99.9%
     82          53     0.0%    99.9%
     81          28     0.0%    99.9%
     80          20     0.0%    99.9%
     79           9     0.0%    99.9%
     78          11     0.0%    99.9%
     77          26     0.0%    99.9%
     76           5     0.0%    99.9%
     75          12     0.0%    99.9%
     74           4     0.0%    99.9%
     73           9     0.0%    99.9%
     72           6     0.0%    99.9%
     71          11     0.0%    99.9%
     70           6     0.0%    99.9%
     69           9     0.0%    99.9%
     68          16     0.0%    99.9%
     67          14     0.0%    99.9%
     66          10     0.0%    99.9%
     65           9     0.0%    99.9%
     64          12     0.0%    99.9%
     63          13     0.0%    99.9%
     62          15     0.0%    99.9%
     61          14     0.0%    99.9%
     60          16     0.0%   100.0%
     59          24     0.0%   100.0%
     58          10     0.0%   100.0%
     57           9     0.0%   100.0%
     56          15     0.0%   100.0%
     55          15     0.0%   100.0%
     54           5     0.0%   100.0%
     53           6     0.0%   100.0%
     52           6     0.0%   100.0%
     51           7     0.0%   100.0%
     50          24     0.0%   100.0%
     49          30     0.0%   100.0%
     48           7     0.0%   100.0%
     47          19     0.0%   100.0%
     46           7     0.0%   100.0%
     45           1     0.0%   100.0%
     44           7     0.0%   100.0%
     43          14     0.0%   100.0%
     42          74     0.0%   100.0%
     41          59     0.0%   100.0%
     40          44     0.0%   100.0%
     39          14     0.0%   100.0%
     38          13     0.0%   100.0%
     37          17     0.0%   100.0%
     36          76     0.0%   100.0%
     35          42     0.0%   100.0%
     34          23     0.0%   100.0%
     33          12     0.0%   100.0%
     32          15     0.0%   100.0%
     31          14     0.0%   100.0%
     30           8     0.0%   100.0%
     29           9     0.0%   100.0%
     28          17     0.0%   100.0%
     27           9     0.0%   100.0%
     26           1     0.0%   100.0%
     25           3     0.0%   100.0%
     24           3     0.0%   100.0%
     23           2     0.0%   100.0%
     22           1     0.0%   100.0%
     21          16     0.0%   100.0%
     20          21     0.0%   100.0%
     19          13     0.0%   100.0%
     18          11     0.0%   100.0%
     17          11     0.0%   100.0%
     16          17     0.0%   100.0%
     15          11     0.0%   100.0%
     14           3     0.0%   100.0%
     13           7     0.0%   100.0%
     12          12     0.0%   100.0%
     11           6     0.0%   100.0%
     10           5     0.0%   100.0%
      9           2     0.0%   100.0%
      8           2     0.0%   100.0%
      7           1     0.0%   100.0%
      6           3     0.0%   100.0%
      5           1     0.0%   100.0%
      4           1     0.0%   100.0%
      3           2     0.0%   100.0%
      2          10     0.0%   100.0%
      1           4     0.0%   100.0%
      0          25     0.0%   100.0%

Q score distribution
ASCII    Q       Pe           N      Pct   AccPct
-----  ---  -------  ----------  -------  -------
    I   40  0.00010   369865251    64.1%    64.1%
    H   39  0.00013    62675965    10.9%    74.9%
    G   38  0.00016     9188014     1.6%    76.5%
    F   37  0.00020     5886201     1.0%    77.5%
    E   36  0.00025     7347514     1.3%    78.8%
    D   35  0.00032     7963192     1.4%    80.2%
    C   34  0.00040    17754380     3.1%    83.3%
    B   33  0.00050     5915959     1.0%    84.3%
    A   32  0.00063     4742540     0.8%    85.1%
    @   31  0.00079     3981695     0.7%    85.8%
    ?   30  0.00100    12151722     2.1%    87.9%
    >   29  0.00126     3167266     0.5%    88.5%
    =   28  0.00158     4879163     0.8%    89.3%
    <   27  0.00200     3393619     0.6%    89.9%
    ;   26  0.00251     7388890     1.3%    91.2%
    :   25  0.00316     2735398     0.5%    91.6%
    9   24  0.00398     3435983     0.6%    92.2%
    8   23  0.00501     2927829     0.5%    92.7%
    7   22  0.00631     2924017     0.5%    93.3%
    6   21  0.00794     4255852     0.7%    94.0%
    5   20  0.01000     3485170     0.6%    94.6%
    4   19  0.01259     3489059     0.6%    95.2%
    3   18  0.01585     2844225     0.5%    95.7%
    2   17  0.01995     2850043     0.5%    96.2%
    1   16  0.02512     3398223     0.6%    96.8%
    0   15  0.03162     1354788     0.2%    97.0%
    /   14  0.03981     1863106     0.3%    97.3%
    .   13  0.05012     2242334     0.4%    97.7%
    -   12  0.06310     4341644     0.8%    98.5%
    ,   11  0.07943     3968498     0.7%    99.2%
    +   10  0.10000       44486     0.0%    99.2%
    *    9  0.12589       26493     0.0%    99.2%
    )    8  0.15849       22855     0.0%    99.2%
    (    7  0.19953        2429     0.0%    99.2%
    !    0  1.00000     4774118     0.8%   100.0%

    L  PctRecs  AvgQ  P(AvgQ)      AvgP  AvgEE       Rate   RatePct
-----  -------  ----  -------  --------  -----  ---------  --------
    2   100.0%  39.8   0.0001  0.000111   0.00   0.000110    0.011%
    3   100.0%  39.5  0.00013  0.000203   0.00   0.000141    0.014%
    4   100.0%  39.4  0.00013  0.000224   0.00   0.000162    0.016%
    5   100.0%  39.3  0.00013  0.000261   0.00   0.000182    0.018%
    6   100.0%  39.3  0.00013  0.000269   0.00   0.000196    0.020%
    7   100.0%  39.3  0.00013  0.000281   0.00   0.000209    0.021%
    8   100.0%  39.3  0.00013  0.000313   0.00   0.000222    0.022%
    9   100.0%  39.1  0.00013  0.000363   0.00   0.000237    0.024%
   10   100.0%  39.2  0.00013  0.000376   0.00   0.000251    0.025%
   11   100.0%  39.2  0.00013  0.000389   0.00   0.000264    0.026%
   12   100.0%  39.4  0.00013  0.000339   0.00   0.000270    0.027%
   13   100.0%  39.3  0.00013  0.000422   0.00   0.000282    0.028%
   14   100.0%  39.2  0.00013  0.000425   0.00   0.000292    0.029%
   15   100.0%  39.2  0.00013  0.000425   0.00   0.000301    0.030%
   16   100.0%  39.2  0.00013  0.000398   0.00   0.000307    0.031%
   17   100.0%  39.1  0.00013   0.00047   0.01   0.000316    0.032%
   18   100.0%  38.8  0.00013   0.00062   0.01   0.000333    0.033%
   19   100.0%  38.3  0.00016  0.000925   0.01   0.000364    0.036%
   20   100.0%  37.8  0.00016   0.00171   0.01   0.000432    0.043%
   21   100.0%  34.6  0.00032    0.0022   0.01   0.000516    0.052%
   22   100.0%  33.1   0.0005   0.00287   0.01   0.000623    0.062%
   23   100.0%  33.0   0.0005   0.00298   0.02   0.000725    0.073%
   24   100.0%  33.1   0.0005   0.00297   0.02   0.000819    0.082%
   25   100.0%  36.4  0.00025   0.00209   0.02   0.000870    0.087%
   26   100.0%  36.7   0.0002   0.00181   0.02   0.000906    0.091%
   27   100.0%  37.4   0.0002   0.00145   0.03   0.000926    0.093%
   28   100.0%  38.6  0.00013  0.000936   0.03   0.000927    0.093%
   29   100.0%  38.5  0.00013  0.000944   0.03   0.000927    0.093%
   30   100.0%  38.6  0.00013  0.000826   0.03   0.000924    0.092%
   31   100.0%  38.7  0.00013  0.000776   0.03   0.000919    0.092%
   32   100.0%  38.8  0.00013  0.000708   0.03   0.000912    0.091%
   33   100.0%  38.3  0.00016  0.000958   0.03   0.000914    0.091%
   34   100.0%  38.3  0.00016     0.001   0.03   0.000916    0.092%
   35   100.0%  38.3  0.00016  0.000957   0.03   0.000918    0.092%
   36   100.0%  38.7  0.00013  0.000794   0.03   0.000914    0.091%
   37   100.0%  37.3   0.0002    0.0012   0.03   0.000922    0.092%
   38   100.0%  37.3   0.0002   0.00124   0.04   0.000930    0.093%
   39   100.0%  37.4   0.0002   0.00119   0.04   0.000937    0.094%
   40   100.0%  38.9  0.00013    0.0007   0.04   0.000931    0.093%
   41   100.0%  38.9  0.00013  0.000754   0.04   0.000927    0.093%
   42   100.0%  38.6  0.00013  0.000708   0.04   0.000922    0.092%
   43   100.0%  31.9  0.00063   0.00228   0.04   0.000953    0.095%
   44   100.0%  31.6  0.00063   0.00254   0.04   0.000989    0.099%
   45   100.0%  31.5  0.00063   0.00263   0.05   0.001026    0.103%
   46   100.0%  31.7  0.00063    0.0025   0.05   0.001058    0.106%
   47   100.0%  38.2  0.00016   0.00126   0.05   0.001062    0.106%
   48   100.0%  38.2  0.00016   0.00115   0.05   0.001064    0.106%
   49   100.0%  38.8  0.00013  0.000853   0.05   0.001059    0.106%
   50   100.0%  38.7  0.00013  0.000816   0.05   0.001055    0.105%
   51   100.0%  37.0   0.0002   0.00119   0.05   0.001057    0.106%
   52   100.0%  36.9   0.0002   0.00124   0.06   0.001061    0.106%
   53   100.0%  37.0   0.0002   0.00119   0.06   0.001063    0.106%
   54   100.0%  38.9  0.00013  0.000738   0.06   0.001057    0.106%
   55   100.0%  39.1  0.00013  0.000667   0.06   0.001050    0.105%
   56   100.0%  39.1  0.00013  0.000688   0.06   0.001043    0.104%
   57   100.0%  39.1  0.00013  0.000639   0.06   0.001036    0.104%
   58   100.0%  39.1  0.00013  0.000578   0.06   0.001028    0.103%
   59   100.0%  39.2  0.00013  0.000554   0.06   0.001020    0.102%
   60   100.0%  39.3  0.00013  0.000545   0.06   0.001012    0.101%
   61    99.9%  39.3  0.00013  0.000536   0.06   0.001004    0.100%
   62    99.9%  39.3  0.00013  0.000515   0.06   0.000997    0.100%
   63    99.9%  39.3  0.00013  0.000546   0.06   0.000989    0.099%
   64    99.9%  39.3  0.00013  0.000549   0.06   0.000982    0.098%
   65    99.9%  39.3  0.00013  0.000537   0.06   0.000976    0.098%
   66    99.9%  39.3  0.00013  0.000524   0.06   0.000969    0.097%
   67    99.9%  39.2  0.00013   0.00056   0.06   0.000962    0.096%
   68    99.9%  39.2  0.00013  0.000646   0.07   0.000958    0.096%
   69    99.9%  39.1  0.00013   0.00064   0.07   0.000953    0.095%
   70    99.9%  38.9  0.00013  0.000736   0.07   0.000950    0.095%
   71    99.9%  38.8  0.00013  0.000809   0.07   0.000948    0.095%
   72    99.9%  38.6  0.00013  0.000903   0.07   0.000947    0.095%
   73    99.9%  38.6  0.00013  0.000974   0.07   0.000948    0.095%
   74    99.9%  38.5  0.00016   0.00102   0.07   0.000949    0.095%
   75    99.9%  38.4  0.00016   0.00107   0.07   0.000950    0.095%
   76    99.9%  37.9  0.00016   0.00121   0.07   0.000953    0.095%
   77    99.9%  37.9  0.00016   0.00125   0.07   0.000957    0.096%
   78    99.9%  37.9  0.00016   0.00127   0.07   0.000961    0.096%
   79    99.9%  38.4  0.00016   0.00123   0.08   0.000964    0.096%
   80    99.9%  37.7  0.00016    0.0015   0.08   0.000971    0.097%
   81    99.9%  37.6  0.00016   0.00157   0.08   0.000978    0.098%
   82    99.9%  37.6  0.00016   0.00158   0.08   0.000986    0.099%
   83    99.9%  37.6  0.00016   0.00167   0.08   0.000993    0.099%
   84    99.9%  37.9  0.00016    0.0016   0.08   0.001000    0.100%
   85    99.9%  38.5  0.00016   0.00139   0.09   0.001004    0.100%
   86    99.9%  38.6  0.00013   0.00132   0.09   0.001007    0.101%
   87    99.9%  38.7  0.00013   0.00128   0.09   0.001009    0.101%
   88    99.9%  38.6  0.00013   0.00124   0.09   0.001011    0.101%
   89    99.9%  38.5  0.00013   0.00127   0.09   0.001013    0.101%
   90    99.9%  38.6  0.00013   0.00126   0.09   0.001015    0.102%
   91    99.9%  38.6  0.00013   0.00126   0.09   0.001018    0.102%
   92    99.9%  38.8  0.00013   0.00123   0.09   0.001019    0.102%
   93    99.9%  38.8  0.00013   0.00121   0.09   0.001021    0.102%
   94    99.9%  38.8  0.00013   0.00122   0.10   0.001022    0.102%
   95    99.9%  38.7  0.00013   0.00121   0.10   0.001024    0.102%
   96    99.9%  38.7  0.00013   0.00124   0.10   0.001025    0.103%
   97    99.9%  38.6  0.00013   0.00126   0.10   0.001027    0.103%
   98    99.9%  38.5  0.00016    0.0013   0.10   0.001030    0.103%
   99    99.9%  38.4  0.00016   0.00133   0.10   0.001033    0.103%
  100    99.9%  38.4  0.00016   0.00138   0.10   0.001036    0.104%
  101    99.9%  38.6  0.00013   0.00138   0.10   0.001039    0.104%
  102    99.9%  38.7  0.00013   0.00142   0.11   0.001042    0.104%
  103    99.9%  38.7  0.00013   0.00136   0.11   0.001044    0.104%
  104    99.9%  38.7  0.00013   0.00134   0.11   0.001046    0.105%
  105    99.9%  38.6  0.00013   0.00136   0.11   0.001049    0.105%
  106    99.9%  38.6  0.00013   0.00137   0.11   0.001051    0.105%
  107    99.9%  38.5  0.00013   0.00141   0.11   0.001054    0.105%
  108    99.9%  38.4  0.00016   0.00138   0.11   0.001057    0.106%
  109    99.9%  38.4  0.00016   0.00139   0.12   0.001059    0.106%
  110    99.9%  38.5  0.00016   0.00137   0.12   0.001061    0.106%
  111    99.9%  38.7  0.00013   0.00129   0.12   0.001062    0.106%
  112    99.9%  38.8  0.00013   0.00128   0.12   0.001063    0.106%
  113    99.9%  38.9  0.00013   0.00124   0.12   0.001065    0.106%
  114    99.9%  38.9  0.00013    0.0012   0.12   0.001066    0.107%
  115    99.9%  39.0  0.00013   0.00117   0.12   0.001066    0.107%
  116    99.9%  39.0  0.00013   0.00111   0.12   0.001065    0.107%
  117    99.9%  38.9  0.00013    0.0011   0.12   0.001065    0.107%
  118    99.9%  39.0  0.00013   0.00107   0.13   0.001065    0.107%
  119    99.9%  38.9  0.00013   0.00107   0.13   0.001064    0.106%
  120    99.9%  39.0  0.00013   0.00106   0.13   0.001064    0.106%
  121    99.9%  38.9  0.00013   0.00108   0.13   0.001064    0.106%
  122    99.9%  38.8  0.00013   0.00107   0.13   0.001063    0.106%
  123    99.9%  37.1   0.0002   0.00137   0.13   0.001065    0.106%
  124    99.9%  36.9   0.0002   0.00142   0.13   0.001067    0.107%
  125    99.9%  37.0   0.0002   0.00142   0.13   0.001069    0.107%
  126    99.9%  38.5  0.00013    0.0012   0.13   0.001070    0.107%
  127    99.9%  38.8  0.00013   0.00116   0.14   0.001071    0.107%
  128    99.9%  38.7  0.00013   0.00116   0.14   0.001071    0.107%
  129    99.9%  38.7  0.00013   0.00118   0.14   0.001071    0.107%
  130    99.9%  38.7  0.00013   0.00115   0.14   0.001072    0.107%
  131    99.9%  38.7  0.00013   0.00117   0.14   0.001072    0.107%
  132    99.9%  38.8  0.00013   0.00113   0.14   0.001073    0.107%
  133    99.9%  38.8  0.00013   0.00113   0.14   0.001073    0.107%
  134    99.9%  38.7  0.00013   0.00117   0.14   0.001072    0.107%
  135    99.9%  38.6  0.00013   0.00126   0.14   0.001073    0.107%
  136    99.9%  38.4  0.00016   0.00125   0.15   0.001074    0.107%
  137    99.9%  38.3  0.00016    0.0013   0.15   0.001076    0.108%
  138    99.9%  38.0  0.00016   0.00139   0.15   0.001078    0.108%
  139    99.9%  37.9  0.00016   0.00145   0.15   0.001080    0.108%
  140    99.9%  37.8  0.00016   0.00149   0.15   0.001083    0.108%
  141    99.9%  38.0  0.00016   0.00148   0.15   0.001086    0.109%
  142    99.9%  38.0  0.00016   0.00152   0.15   0.001089    0.109%
  143    99.9%  38.0  0.00016   0.00155   0.16   0.001092    0.109%
  144    99.9%  38.0  0.00016   0.00155   0.16   0.001095    0.109%
  145    99.9%  38.0  0.00016   0.00163   0.16   0.001098    0.110%
  146    99.9%  37.9  0.00016    0.0017   0.16   0.001102    0.110%
  147    99.9%  38.0  0.00016    0.0018   0.16   0.001107    0.111%
  148    99.9%  37.3   0.0002   0.00245   0.17   0.001116    0.112%
  149    99.9%  36.8   0.0002   0.00272   0.17   0.001127    0.113%
  150    99.9%  36.5  0.00025   0.00291   0.17   0.001138    0.114%
  151    99.9%  36.0  0.00025   0.00318   0.17   0.001152    0.115%
  152    99.9%  34.4   0.0004   0.00367   0.18   0.001168    0.117%
  153    99.9%  34.6  0.00032   0.00375   0.18   0.001185    0.118%
  154    99.9%  35.8  0.00025   0.00284   0.18   0.001195    0.120%
  155    99.9%  35.6  0.00025   0.00291   0.19   0.001206    0.121%
  156    99.9%  37.7  0.00016   0.00221   0.19   0.001213    0.121%
  157    99.9%  37.4   0.0002   0.00234   0.19   0.001220    0.122%
  158    99.9%  37.1   0.0002   0.00232   0.19   0.001226    0.123%
  159    99.9%  37.3   0.0002   0.00229   0.20   0.001233    0.123%
  160    99.9%  37.9  0.00016   0.00203   0.20   0.001238    0.124%
  161    99.9%  38.0  0.00016   0.00194   0.20   0.001242    0.124%
  162    99.9%  38.2  0.00016   0.00188   0.20   0.001246    0.125%
  163    99.9%  38.2  0.00016   0.00188   0.20   0.001250    0.125%
  164    99.9%  38.4  0.00016   0.00181   0.21   0.001253    0.125%
  165    99.9%  38.4  0.00016   0.00176   0.21   0.001256    0.126%
  166    99.9%  38.4  0.00016   0.00173   0.21   0.001259    0.126%
  167    99.9%  38.5  0.00016    0.0017   0.21   0.001261    0.126%
  168    99.9%  38.4  0.00016   0.00166   0.21   0.001264    0.126%
  169    99.9%  38.1  0.00016   0.00173   0.21   0.001266    0.127%
  170    99.9%  37.6  0.00016   0.00193   0.22   0.001270    0.127%
  171    99.9%  37.4   0.0002   0.00201   0.22   0.001274    0.127%
  172    99.9%  37.3   0.0002   0.00207   0.22   0.001279    0.128%
  173    99.9%  36.9   0.0002   0.00228   0.22   0.001284    0.128%
  174    99.9%  36.9   0.0002   0.00227   0.22   0.001290    0.129%
  175    99.9%  37.6  0.00016   0.00202   0.23   0.001294    0.129%
  176    99.9%  38.0  0.00016   0.00188   0.23   0.001297    0.130%
  177    99.9%  37.2   0.0002   0.00205   0.23   0.001301    0.130%
  178    99.9%  36.8   0.0002   0.00226   0.23   0.001306    0.131%
  179    99.9%  36.0  0.00025   0.00286   0.24   0.001315    0.131%
  180    99.9%  36.2  0.00025   0.00284   0.24   0.001323    0.132%
  181    99.9%  36.2  0.00025   0.00284   0.24   0.001331    0.133%
  182    99.9%  37.1   0.0002   0.00223   0.24   0.001336    0.134%
  183    99.9%  37.0   0.0002   0.00236   0.25   0.001342    0.134%
  184    99.9%  37.4   0.0002   0.00224   0.25   0.001346    0.135%
  185    99.9%  37.7  0.00016   0.00205   0.25   0.001350    0.135%
  186    99.9%  37.8  0.00016     0.002   0.25   0.001353    0.135%
  187    99.9%  37.6  0.00016   0.00203   0.25   0.001357    0.136%
  188    99.9%  37.4   0.0002   0.00211   0.26   0.001361    0.136%
  189    99.9%  36.9   0.0002   0.00217   0.26   0.001365    0.136%
  190    99.9%  36.6   0.0002   0.00229   0.26   0.001370    0.137%
  191    99.9%  35.4  0.00032   0.00276   0.26   0.001377    0.138%
  192    99.9%  35.4  0.00032   0.00293   0.27   0.001385    0.138%
  193    99.9%  35.3  0.00032   0.00307   0.27   0.001393    0.139%
  194    99.9%  35.7  0.00025   0.00303   0.27   0.001402    0.140%
  195    99.9%  36.3  0.00025    0.0028   0.27   0.001409    0.141%
  196    99.9%  36.3  0.00025    0.0028   0.28   0.001415    0.142%
  197    99.9%  36.7   0.0002   0.00272   0.28   0.001422    0.142%
  198    99.9%  36.7   0.0002    0.0027   0.28   0.001428    0.143%
  199    99.9%  36.6   0.0002    0.0027   0.29   0.001435    0.143%
  200    99.9%  37.1   0.0002    0.0025   0.29   0.001440    0.144%
  201    99.9%  36.7   0.0002   0.00284   0.29   0.001447    0.145%
  202    99.9%  34.8  0.00032    0.0036   0.29   0.001457    0.146%
  203    99.9%  34.6  0.00032   0.00374   0.30   0.001468    0.147%
  204    99.9%  34.1   0.0004   0.00411   0.30   0.001481    0.148%
  205    99.9%  33.4   0.0005   0.00435   0.31   0.001494    0.149%
  206    99.9%  33.4   0.0005   0.00448   0.31   0.001509    0.151%
  207    99.9%  33.5   0.0004   0.00444   0.32   0.001523    0.152%
  208    99.9%  33.8   0.0004   0.00435   0.32   0.001536    0.154%
  209    99.9%  35.4  0.00032   0.00386   0.32   0.001547    0.155%
  210    99.9%  34.2   0.0004   0.00395   0.33   0.001559    0.156%
  211    99.8%  34.1   0.0004   0.00394   0.33   0.001570    0.157%
  212    99.8%  34.3   0.0004   0.00381   0.33   0.001580    0.158%
  213    99.8%  36.6   0.0002   0.00314   0.34   0.001587    0.159%
  214    99.8%  37.1   0.0002   0.00288   0.34   0.001593    0.159%
  215    99.8%  36.4  0.00025   0.00318   0.34   0.001601    0.160%
  216    99.8%  36.3  0.00025   0.00316   0.35   0.001608    0.161%
  217    99.8%  36.1  0.00025   0.00316   0.35   0.001615    0.161%
  218    99.8%  36.1  0.00025   0.00313   0.35   0.001622    0.162%
  219    99.8%  36.6   0.0002    0.0029   0.36   0.001627    0.163%
  220    99.8%  37.1   0.0002   0.00253   0.36   0.001631    0.163%
  221    99.8%  37.3   0.0002   0.00238   0.36   0.001634    0.163%
  222    99.8%  37.0   0.0002   0.00258   0.36   0.001639    0.164%
  223    99.8%  37.0   0.0002   0.00244   0.37   0.001642    0.164%
  224    99.8%  37.0   0.0002   0.00246   0.37   0.001646    0.165%
  225    99.8%  36.9   0.0002   0.00262   0.37   0.001650    0.165%
  226    99.8%  36.8   0.0002   0.00269   0.37   0.001654    0.165%
  227    99.8%  36.6   0.0002   0.00275   0.38   0.001659    0.166%
  228    99.8%  36.1  0.00025   0.00287   0.38   0.001665    0.166%
  229    99.8%  36.0  0.00025   0.00289   0.38   0.001670    0.167%
  230    99.8%  36.1  0.00025   0.00287   0.39   0.001675    0.167%
  231    99.8%  36.8   0.0002   0.00262   0.39   0.001679    0.168%
  232    99.8%  36.9   0.0002   0.00258   0.39   0.001683    0.168%
  233    99.8%  37.2   0.0002   0.00247   0.39   0.001686    0.169%
  234    99.8%  37.1   0.0002   0.00244   0.40   0.001689    0.169%
  235    99.8%  37.1   0.0002   0.00239   0.40   0.001692    0.169%
  236    99.8%  37.4   0.0002   0.00224   0.40   0.001694    0.169%
  237    99.8%  37.5  0.00016   0.00217   0.40   0.001696    0.170%
  238    99.8%  37.6  0.00016   0.00218   0.40   0.001698    0.170%
  239    99.8%  37.7  0.00016   0.00211   0.41   0.001700    0.170%
  240    99.8%  37.7  0.00016   0.00212   0.41   0.001702    0.170%
  241    99.8%  37.6  0.00016   0.00219   0.41   0.001703    0.170%
  242    99.8%  36.9   0.0002   0.00241   0.41   0.001706    0.171%
  243    99.8%  36.7   0.0002   0.00251   0.42   0.001710    0.171%
  244    99.8%  36.6   0.0002    0.0026   0.42   0.001713    0.171%
  245    99.8%  35.5  0.00025   0.00284   0.42   0.001717    0.172%
  246    99.8%  34.9  0.00032   0.00306   0.42   0.001723    0.172%
  247    99.8%  34.7  0.00032   0.00313   0.43   0.001728    0.173%
  248    99.8%  35.5  0.00025   0.00306   0.43   0.001734    0.173%
  249    99.8%  35.8  0.00025   0.00315   0.43   0.001739    0.174%
  250    99.8%  36.4  0.00025   0.00291   0.44   0.001744    0.174%
  251    99.8%  35.1  0.00032   0.00338   0.44   0.001751    0.175%
  252    99.8%  34.9  0.00032   0.00349   0.44   0.001757    0.176%
  253    99.8%  35.0  0.00032   0.00347   0.45   0.001764    0.176%
  254    99.8%  36.6   0.0002   0.00311   0.45   0.001769    0.177%
  255    99.8%  36.8   0.0002    0.0028   0.45   0.001773    0.177%
  256    99.8%  36.9   0.0002   0.00267   0.45   0.001777    0.178%
  257    99.8%  36.6   0.0002   0.00276   0.46   0.001780    0.178%
  258    99.8%  36.6   0.0002   0.00277   0.46   0.001784    0.178%
  259    99.8%  36.5  0.00025   0.00277   0.46   0.001788    0.179%
  260    99.8%  36.7   0.0002   0.00268   0.47   0.001791    0.179%
  261    99.8%  36.8   0.0002   0.00271   0.47   0.001795    0.179%
  262    99.8%  36.8   0.0002   0.00272   0.47   0.001798    0.180%
  263    99.8%  36.9   0.0002   0.00271   0.47   0.001801    0.180%
  264    99.8%  37.0   0.0002   0.00269   0.48   0.001805    0.180%
  265    99.8%  37.0   0.0002   0.00268   0.48   0.001808    0.181%
  266    99.8%  36.8   0.0002   0.00274   0.48   0.001812    0.181%
  267    99.8%  36.4  0.00025   0.00285   0.48   0.001815    0.182%
  268    99.8%  36.2  0.00025   0.00295   0.49   0.001819    0.182%
  269    99.8%  36.5   0.0002   0.00282   0.49   0.001823    0.182%
  270    99.8%  37.0   0.0002   0.00265   0.49   0.001826    0.183%
  271    99.8%  36.6   0.0002   0.00291   0.50   0.001830    0.183%
  272    99.8%  36.2  0.00025   0.00279   0.50   0.001833    0.183%
  273    99.8%  35.9  0.00025   0.00292   0.50   0.001837    0.184%
  274    99.8%  35.9  0.00025   0.00316   0.50   0.001842    0.184%
  275    99.8%  33.3   0.0005   0.00614   0.51   0.001858    0.186%
  276    99.8%  32.9   0.0005   0.00654   0.52   0.001875    0.187%
  277    99.8%  32.0  0.00063   0.00681   0.52   0.001892    0.189%
  278    99.8%  31.9  0.00063     0.007   0.53   0.001911    0.191%
  279    99.8%  32.0  0.00063   0.00708   0.54   0.001929    0.193%
  280    99.8%  34.7  0.00032   0.00699   0.55   0.001947    0.195%
  281    99.8%  33.7   0.0004   0.00726   0.55   0.001966    0.197%
  282    99.8%  32.4  0.00063   0.00795   0.56   0.001987    0.199%
  283    99.8%  34.6  0.00032   0.00463   0.57   0.001997    0.200%
  284    99.8%  35.0  0.00032   0.00394   0.57   0.002003    0.200%
  285    99.8%  36.0  0.00025   0.00352   0.57   0.002008    0.201%
  286    99.8%  36.4  0.00025   0.00334   0.58   0.002013    0.201%
  287    99.8%  36.5   0.0002   0.00324   0.58   0.002017    0.202%
  288    99.8%  36.6   0.0002   0.00324   0.58   0.002021    0.202%
  289    99.8%  36.6   0.0002   0.00328   0.59   0.002025    0.203%
  290    99.8%  36.6   0.0002   0.00334   0.59   0.002030    0.203%
  291    99.8%  36.6   0.0002   0.00339   0.59   0.002034    0.203%
  292    99.8%  35.6  0.00025   0.00359   0.60   0.002039    0.204%
  293    99.8%  35.5  0.00032   0.00334   0.60   0.002044    0.204%
  294    99.8%  35.6  0.00025    0.0032   0.60   0.002048    0.205%
  295    99.8%  36.5  0.00025   0.00292   0.60   0.002050    0.205%
  296    99.8%  36.9   0.0002   0.00286   0.61   0.002053    0.205%
  297    99.8%  37.2   0.0002    0.0028   0.61   0.002055    0.206%
  298    99.8%  37.3   0.0002   0.00282   0.61   0.002058    0.206%
  299    99.8%  37.2   0.0002   0.00279   0.62   0.002060    0.206%
  300    99.8%  37.0   0.0002   0.00296   0.62   0.002063    0.206%
  301    99.8%  37.0   0.0002   0.00301   0.62   0.002066    0.207%
  302    99.8%  37.2   0.0002     0.003   0.62   0.002068    0.207%
  303    99.8%  36.9   0.0002   0.00307   0.63   0.002071    0.207%
  304    99.8%  36.8   0.0002    0.0031   0.63   0.002073    0.207%
  305    99.8%  36.8   0.0002   0.00298   0.63   0.002075    0.208%
  306    99.8%  37.1   0.0002   0.00288   0.64   0.002077    0.208%
  307    99.8%  37.1   0.0002   0.00285   0.64   0.002079    0.208%
  308    99.8%  37.3   0.0002   0.00279   0.64   0.002080    0.208%
  309    99.8%  37.2   0.0002   0.00276   0.64   0.002082    0.208%
  310    99.8%  37.2   0.0002   0.00272   0.65   0.002083    0.208%
  311    99.8%  37.2   0.0002   0.00275   0.65   0.002084    0.208%
  312    99.8%  37.1   0.0002   0.00281   0.65   0.002085    0.209%
  313    99.7%  36.9   0.0002   0.00292   0.65   0.002087    0.209%
  314    99.7%  36.7   0.0002   0.00338   0.66   0.002090    0.209%
  315    99.7%  35.9  0.00025   0.00639   0.66   0.002102    0.210%
  316    99.7%  36.0  0.00025   0.00346   0.67   0.002105    0.211%
  317    99.7%  35.5  0.00032   0.00332   0.67   0.002107    0.211%
  318    99.7%  35.0  0.00032   0.00366   0.67   0.002110    0.211%
  319    99.7%  32.4  0.00063   0.00493   0.68   0.002117    0.212%
  320    99.7%  31.9  0.00063   0.00571   0.68   0.002127    0.213%
  321    99.7%  31.4  0.00079   0.00589   0.69   0.002136    0.214%
  322    99.7%  32.3  0.00063   0.00539   0.69   0.002143    0.214%
  323    99.7%  29.6    0.001   0.00731   0.70   0.002156    0.216%
  324    99.7%  30.1    0.001   0.00685   0.70   0.002166    0.217%
  325    99.6%  34.3   0.0004   0.00441   0.70   0.002168    0.217%
  326    99.6%  35.0  0.00032   0.00416   0.71   0.002169    0.217%
  327    99.6%  36.5  0.00025   0.00404   0.71   0.002169    0.217%
  328    99.5%  36.3  0.00025   0.00471   0.71   0.002170    0.217%
  329    99.4%  33.9   0.0004   0.00722   0.72   0.002178    0.218%
  330    99.2%  31.3  0.00079    0.0174   0.73   0.002216    0.222%
  331    97.5%  27.0    0.002    0.0918   0.82   0.002488    0.249%
  332    83.2%   6.6      0.2     0.743   1.65   0.004975    0.497%
  333    69.8%   4.1      0.4     0.828   2.55   0.007644    0.764%
  334    52.6%   4.1      0.4     0.822   3.47   0.010391    1.039%
  335    36.1%   4.9     0.32     0.779   4.40   0.013128    1.313%
  336    23.5%   6.5      0.2     0.699   5.28   0.015709    1.571%
  337    15.2%   9.0     0.13     0.575   6.04   0.017926    1.793%
  338    10.6%  11.7    0.063     0.441   6.60   0.019538    1.954%
  339     8.5%  13.5     0.04     0.349   7.01   0.020682    2.068%
  340     7.4%  14.4     0.04     0.303   7.35   0.021611    2.161%
  341     6.7%  14.8    0.032     0.277   7.66   0.022464    2.246%
  342     6.2%  15.0    0.032     0.264   7.95   0.023251    2.325%
  343     5.8%  15.2    0.032     0.257   8.23   0.024004    2.400%
  344     5.4%  15.3    0.032     0.249   8.50   0.024713    2.471%
  345     5.1%  15.4    0.032     0.245   8.76   0.025380    2.538%
  346     4.8%  15.5    0.032     0.237   9.00   0.025997    2.600%
  347     4.6%  15.5    0.032     0.232   9.22   0.026583    2.658%
  348     4.4%  15.4    0.032     0.227   9.44   0.027140    2.714%
  349     4.2%  15.2    0.032     0.224   9.67   0.027694    2.769%
  350     3.9%  14.2     0.04      0.25   9.98   0.028508    2.851%
  351     3.7%  14.1     0.04     0.245  10.29   0.029304    2.930%
  352     3.5%  14.1     0.04     0.238  10.64   0.030225    3.022%
  353     3.3%  14.2     0.04     0.227  10.95   0.031015    3.101%
  354     3.2%  14.3     0.04     0.217  11.23   0.031718    3.172%
  355     3.0%  14.4     0.04     0.208  11.47   0.032301    3.230%
  356     2.9%  14.4     0.04     0.201  11.67   0.032781    3.278%
  357     2.8%  13.9     0.04     0.201  11.86   0.033220    3.322%
  358     2.7%  13.9     0.04     0.198  12.04   0.033644    3.364%
  359     2.6%  13.9     0.04     0.195  12.22   0.034047    3.405%
  360     2.5%  13.9     0.04     0.192  12.38   0.034388    3.439%
  361     2.4%  13.8     0.04     0.192  12.55   0.034756    3.476%
  362     2.4%  13.8     0.04      0.19  12.71   0.035108    3.511%
  363     2.3%  13.8     0.04     0.189  12.86   0.035438    3.544%
  364     2.2%  13.7     0.04     0.187  13.02   0.035765    3.577%
  365     2.2%  13.7     0.04     0.187  13.18   0.036099    3.610%
  366     2.1%  13.6     0.04     0.187  13.33   0.036418    3.642%
  367     2.0%  13.6     0.04     0.188  13.49   0.036745    3.674%
  368     2.0%  13.5     0.04     0.186  13.64   0.037058    3.706%
  369     1.9%  13.5     0.04     0.186  13.78   0.037334    3.733%
  370     1.9%  13.5     0.05     0.186  13.92   0.037613    3.761%
  371     1.8%  13.4     0.05     0.187  14.06   0.037908    3.791%
  372     1.8%  13.3     0.05     0.188  14.22   0.038221    3.822%
  373     1.7%  13.3     0.05     0.189  14.36   0.038506    3.851%
  374     1.7%  13.2     0.05     0.189  14.51   0.038794    3.879%
  375     1.6%  13.2     0.05     0.187  14.65   0.039079    3.908%
  376     1.6%  13.2     0.05     0.186  14.79   0.039338    3.934%
  377     1.6%  13.2     0.05     0.185  14.92   0.039577    3.958%
  378     1.5%  13.2     0.05     0.183  15.05   0.039806    3.981%
  379     1.5%  13.2     0.05     0.183  15.17   0.040039    4.004%
  380     1.5%  13.2     0.05     0.185  15.29   0.040227    4.023%
  381     1.4%  13.1     0.05     0.187  15.41   0.040458    4.046%
  382     1.4%  13.0     0.05     0.186  15.54   0.040683    4.068%
  383     1.3%  13.0     0.05     0.186  15.66   0.040885    4.089%
  384     1.3%  12.9     0.05     0.187  15.77   0.041060    4.106%
  385     1.3%  12.9     0.05     0.186  15.90   0.041298    4.130%
  386     1.2%  12.8     0.05     0.188  16.04   0.041550    4.155%
  387     1.2%  12.8     0.05     0.187  16.18   0.041796    4.180%
  388     1.2%  12.8     0.05     0.187  16.28   0.041955    4.196%
  389     1.2%  12.8     0.05     0.188  16.37   0.042092    4.209%
  390     1.1%  12.8     0.05     0.186  16.48   0.042269    4.227%
  391     1.1%  12.8     0.05     0.184  16.56   0.042343    4.234%
  392     1.1%  12.8     0.05     0.183  16.61   0.042381    4.238%
  393     1.0%  12.7     0.05     0.184  16.70   0.042491    4.249%
  394     1.0%  12.7     0.05     0.183  16.78   0.042589    4.259%

    L   1.0000   0.5000   0.2500   0.1000   1.0000   0.5000   0.2500   0.1000
-----  -------  -------  -------  -------  -------  -------  -------  -------
  395       44       32       13        1    0.00%    0.00%    0.00%    0.00%
  394       45       34       14        1    0.00%    0.00%    0.00%    0.00%
  393       51       38       14        1    0.00%    0.00%    0.00%    0.00%
  392       54       41       16        1    0.00%    0.00%    0.00%    0.00%
  391       57       43       17        1    0.00%    0.00%    0.00%    0.00%
  390       58       44       18        1    0.00%    0.00%    0.00%    0.00%
  389       60       46       19        1    0.00%    0.00%    0.00%    0.00%
  388       60       46       19        1    0.00%    0.00%    0.00%    0.00%
  387       62       46       19        1    0.00%    0.00%    0.00%    0.00%
  386       77       52       19        1    0.00%    0.00%    0.00%    0.00%
  385      118       77       33        1    0.01%    0.00%    0.00%    0.00%
  384      132       88       35        2    0.01%    0.01%    0.00%    0.00%
  383      135       91       35        3    0.01%    0.01%    0.00%    0.00%
  382      142       92       37        3    0.01%    0.01%    0.00%    0.00%
  381      153      100       39        3    0.01%    0.01%    0.00%    0.00%
  380      155      101       41        5    0.01%    0.01%    0.00%    0.00%
  379      159      105       46        5    0.01%    0.01%    0.00%    0.00%
  378      168      106       47        5    0.01%    0.01%    0.00%    0.00%
  377      169      108       49        5    0.01%    0.01%    0.00%    0.00%
  376      170      109       51        5    0.01%    0.01%    0.00%    0.00%
  375      171      111       52        5    0.01%    0.01%    0.00%    0.00%
  374      172      112       54        5    0.01%    0.01%    0.00%    0.00%
  373      172      113       55        5    0.01%    0.01%    0.00%    0.00%
  372      174      114       59        5    0.01%    0.01%    0.00%    0.00%
  371      176      114       60        5    0.01%    0.01%    0.00%    0.00%
  370      176      114       60        5    0.01%    0.01%    0.00%    0.00%
  369      180      115       60        6    0.01%    0.01%    0.00%    0.00%
  368      184      118       60        6    0.01%    0.01%    0.00%    0.00%
  367      187      118       60        6    0.01%    0.01%    0.00%    0.00%
  366      194      123       60        6    0.01%    0.01%    0.00%    0.00%
  365      202      128       63        6    0.01%    0.01%    0.00%    0.00%
  364      204      129       63        6    0.01%    0.01%    0.00%    0.00%
  363      207      131       63        6    0.01%    0.01%    0.00%    0.00%
  362      213      137       63        6    0.01%    0.01%    0.00%    0.00%
  361      226      148       69        7    0.01%    0.01%    0.00%    0.00%
  360      234      154       74        8    0.01%    0.01%    0.00%    0.00%
  359      240      156       75        9    0.01%    0.01%    0.00%    0.00%
  358      246      161       78       10    0.01%    0.01%    0.00%    0.00%
  357      253      167       83       12    0.01%    0.01%    0.00%    0.00%
  356      265      174       88       12    0.02%    0.01%    0.01%    0.00%
  355      288      189       98       15    0.02%    0.01%    0.01%    0.00%
  354      338      227      125       27    0.02%    0.01%    0.01%    0.00%
  353      421      278      164       46    0.02%    0.02%    0.01%    0.00%
  352      931      738      522      226    0.05%    0.04%    0.03%    0.01%
  351     1366     1086      777      335    0.08%    0.06%    0.05%    0.02%
  350     3975     3546     2971     1648    0.23%    0.21%    0.17%    0.10%
  349     4214     3756     3135     1752    0.24%    0.22%    0.18%    0.10%
  348     4392     3923     3285     1858    0.26%    0.23%    0.19%    0.11%
  347     4418     3942     3300     1870    0.26%    0.23%    0.19%    0.11%
  346     4436     3954     3307     1879    0.26%    0.23%    0.19%    0.11%
  345     4454     3960     3314     1887    0.26%    0.23%    0.19%    0.11%
  344     4532     4021     3349     1907    0.26%    0.23%    0.19%    0.11%
  343     4560     4030     3364     1926    0.27%    0.23%    0.20%    0.11%
  342     4591     4046     3388     1965    0.27%    0.24%    0.20%    0.11%
  341     4662     4062     3400     2005    0.27%    0.24%    0.20%    0.12%
  340     4794     4092     3415     2034    0.28%    0.24%    0.20%    0.12%
  339     5093     4129     3443     2087    0.30%    0.24%    0.20%    0.12%
  338     5757     4208     3466     2127    0.33%    0.24%    0.20%    0.12%
  337     7446     4526     3559     2176    0.43%    0.26%    0.21%    0.13%
  336    11557     5791     3994     2298    0.67%    0.34%    0.23%    0.13%
  335    23102    11244     6908     4104    1.34%    0.65%    0.40%    0.24%
  334    52423    27620    14181     6212    3.05%    1.61%    0.82%    0.36%
  333   196219   141621    93003    35653   11.40%    8.23%    5.41%    2.07%
  332  1332075  1223315  1063421   650694   77.42%   71.10%   61.81%   37.82%
  331  1473289  1343713  1158785   710991   85.63%   78.10%   67.35%   41.33%
  330  1490192  1357166  1170397   725734   86.61%   78.88%   68.03%   42.18%
  329  1493841  1360085  1173393   731086   86.83%   79.05%   68.20%   42.49%
  328  1495285  1361152  1174458   732623   86.91%   79.11%   68.26%   42.58%
  327  1496292  1361855  1175212   733837   86.97%   79.16%   68.31%   42.65%
  326  1497391  1362772  1176633   736377   87.03%   79.21%   68.39%   42.80%
  325  1498694  1364282  1178605   739887   87.11%   79.30%   68.50%   43.00%
  324  1500230  1367159  1186305   764659   87.20%   79.46%   68.95%   44.44%
  323  1501918  1370272  1194438   791229   87.30%   79.64%   69.42%   45.99%
  322  1503346  1372480  1198531   800003   87.38%   79.77%   69.66%   46.50%
  321  1504876  1374913  1203462   815660   87.47%   79.91%   69.95%   47.41%
  320  1507112  1377845  1208532   830457   87.60%   80.08%   70.24%   48.27%
  319  1508519  1379791  1212404   843239   87.68%   80.20%   70.47%   49.01%
  318  1509640  1381011  1214193   847524   87.75%   80.27%   70.57%   49.26%
  317  1510661  1381982  1215306   850149   87.80%   80.33%   70.64%   49.41%
  316  1511995  1383162  1216390   851953   87.88%   80.39%   70.70%   49.52%
  315  1518375  1389218  1221887   856649   88.25%   80.75%   71.02%   49.79%
  314  1519830  1390624  1223239   858123   88.34%   80.83%   71.10%   49.88%
  313  1520522  1391474  1224128   859456   88.38%   80.88%   71.15%   49.95%
  312  1521121  1392242  1224899   860782   88.41%   80.92%   71.20%   50.03%
  311  1521645  1393036  1225622   861867   88.44%   80.97%   71.24%   50.09%
  310  1522150  1393713  1226230   862951   88.47%   81.01%   71.27%   50.16%
  309  1522614  1394367  1226840   864016   88.50%   81.05%   71.31%   50.22%
  308  1523148  1395054  1227564   864980   88.53%   81.09%   71.35%   50.28%
  307  1523700  1395919  1228462   866021   88.56%   81.14%   71.40%   50.34%
  306  1524245  1396836  1229292   867155   88.59%   81.19%   71.45%   50.40%
  305  1524808  1397753  1230297   868603   88.63%   81.24%   71.51%   50.49%
  304  1525548  1398895  1231464   870174   88.67%   81.31%   71.58%   50.58%
  303  1526267  1400033  1232635   871787   88.71%   81.37%   71.64%   50.67%
  302  1526942  1401000  1233778   873053   88.75%   81.43%   71.71%   50.74%
  301  1527647  1401844  1234964   874403   88.79%   81.48%   71.78%   50.82%
  300  1528376  1402708  1236169   875917   88.83%   81.53%   71.85%   50.91%
  299  1528929  1403249  1237118   877202   88.87%   81.56%   71.91%   50.99%
  298  1529510  1403803  1238035   878455   88.90%   81.59%   71.96%   51.06%
  297  1530103  1404402  1238944   879949   88.93%   81.63%   72.01%   51.15%
  296  1530612  1404979  1239795   881840   88.96%   81.66%   72.06%   51.26%
  295  1531256  1405558  1240584   883541   89.00%   81.70%   72.11%   51.35%
  294  1532075  1406417  1241801   885975   89.05%   81.75%   72.18%   51.50%
  293  1533036  1407435  1243135   888538   89.11%   81.80%   72.26%   51.64%
  292  1534241  1408679  1244709   891674   89.18%   81.88%   72.35%   51.83%
  291  1535494  1409763  1245756   893129   89.25%   81.94%   72.41%   51.91%
  290  1536697  1410796  1246880   894676   89.32%   82.00%   72.47%   52.00%
  289  1537663  1411836  1247949   896378   89.37%   82.06%   72.53%   52.10%
  288  1538610  1412751  1248932   897998   89.43%   82.11%   72.59%   52.19%
  287  1539586  1413705  1249849   899404   89.49%   82.17%   72.65%   52.28%
  286  1540570  1414841  1250876   900705   89.54%   82.24%   72.71%   52.35%
  285  1541668  1416182  1252018   902251   89.61%   82.31%   72.77%   52.44%
  284  1542996  1418139  1253947   904582   89.68%   82.43%   72.88%   52.58%
  283  1544582  1421113  1256881   908160   89.78%   82.60%   73.05%   52.79%
  282  1546387  1428568  1267854   933281   89.88%   83.03%   73.69%   54.25%
  281  1548403  1436648  1276230   947314   90.00%   83.50%   74.18%   55.06%
  280  1551939  1451485  1285121   952843   90.20%   84.37%   74.70%   55.38%
  279  1553730  1459292  1296152   963904   90.31%   84.82%   75.34%   56.03%
  278  1555271  1463909  1310208   977504   90.40%   85.09%   76.15%   56.82%
  277  1556585  1467528  1329988   999211   90.47%   85.30%   77.30%   58.08%
  276  1557814  1470417  1340799  1023153   90.55%   85.47%   77.93%   59.47%
  275  1558933  1472538  1346242  1055783   90.61%   85.59%   78.25%   61.37%
  274  1559541  1473448  1347870  1060132   90.65%   85.64%   78.34%   61.62%
  273  1560035  1474251  1349101  1062995   90.67%   85.69%   78.41%   61.78%
  272  1560529  1474908  1350099  1065274   90.70%   85.73%   78.47%   61.92%
  271  1561365  1475827  1351166  1067364   90.75%   85.78%   78.53%   62.04%
  270  1561927  1476459  1351866  1068696   90.78%   85.82%   78.57%   62.12%
  269  1562501  1477270  1352986  1070848   90.82%   85.86%   78.64%   62.24%
  268  1563094  1478234  1354392  1073797   90.85%   85.92%   78.72%   62.41%
  267  1563685  1479081  1355690  1076299   90.89%   85.97%   78.80%   62.56%
  266  1564207  1479823  1356684  1078145   90.92%   86.01%   78.85%   62.67%
  265  1564733  1480524  1357513  1079733   90.95%   86.05%   78.90%   62.76%
  264  1565265  1481237  1358385  1081359   90.98%   86.09%   78.95%   62.85%
  263  1565842  1481895  1359350  1083174   91.01%   86.13%   79.01%   62.96%
  262  1566376  1482576  1360310  1085000   91.04%   86.17%   79.07%   63.06%
  261  1566930  1483261  1361238  1086709   91.08%   86.21%   79.12%   63.16%
  260  1567469  1483904  1362026  1088129   91.11%   86.25%   79.17%   63.25%
  259  1568074  1484702  1363017  1089924   91.14%   86.30%   79.22%   63.35%
  258  1568700  1485489  1364049  1091814   91.18%   86.34%   79.28%   63.46%
  257  1569320  1486241  1365105  1093788   91.21%   86.39%   79.34%   63.57%
  256  1569915  1486904  1365845  1095032   91.25%   86.42%   79.39%   63.65%
  255  1570664  1487686  1366742  1096539   91.29%   86.47%   79.44%   63.73%
  254  1571827  1488968  1368211  1098637   91.36%   86.54%   79.52%   63.86%
  253  1572816  1490460  1370694  1103702   91.42%   86.63%   79.67%   64.15%
  252  1573707  1492019  1373479  1109309   91.47%   86.72%   79.83%   64.48%
  251  1574589  1493445  1375983  1114519   91.52%   86.80%   79.98%   64.78%
  250  1575409  1494569  1377522  1117190   91.57%   86.87%   80.07%   64.93%
  249  1576182  1495932  1379576  1121631   91.61%   86.95%   80.19%   65.19%
  248  1576939  1497247  1381426  1125561   91.66%   87.02%   80.29%   65.42%
  247  1577730  1498624  1383515  1130655   91.70%   87.10%   80.41%   65.72%
  246  1578459  1499905  1385519  1135398   91.75%   87.18%   80.53%   65.99%
  245  1579111  1501006  1387229  1139192   91.78%   87.24%   80.63%   66.21%
  244  1579651  1501890  1388653  1142399   91.81%   87.29%   80.71%   66.40%
  243  1580122  1502588  1389917  1145374   91.84%   87.34%   80.79%   66.57%
  242  1580487  1503159  1390920  1147876   91.86%   87.37%   80.84%   66.72%
  241  1580815  1503551  1391512  1149133   91.88%   87.39%   80.88%   66.79%
  240  1581160  1503909  1391930  1150005   91.90%   87.41%   80.90%   66.84%
  239  1581523  1504263  1392369  1150804   91.92%   87.43%   80.93%   66.89%
  238  1581849  1504647  1392893  1151854   91.94%   87.46%   80.96%   66.95%
  237  1582195  1504991  1393371  1152737   91.96%   87.48%   80.99%   67.00%
  236  1582617  1505456  1393917  1153772   91.99%   87.50%   81.02%   67.06%
  235  1583065  1506033  1394728  1155314   92.01%   87.54%   81.07%   67.15%
  234  1583582  1506664  1395530  1156834   92.04%   87.57%   81.11%   67.24%
  233  1584165  1507315  1396349  1158197   92.08%   87.61%   81.16%   67.32%
  232  1584762  1508100  1397388  1160219   92.11%   87.66%   81.22%   67.44%
  231  1585398  1508963  1398441  1162226   92.15%   87.71%   81.28%   67.55%
  230  1586093  1509996  1400069  1165657   92.19%   87.77%   81.38%   67.75%
  229  1586809  1511119  1401655  1169221   92.23%   87.83%   81.47%   67.96%
  228  1587526  1512119  1403253  1172630   92.27%   87.89%   81.56%   68.16%
  227  1588242  1513025  1404797  1175360   92.31%   87.94%   81.65%   68.32%
  226  1588966  1513882  1406159  1178113   92.36%   87.99%   81.73%   68.48%
  225  1589640  1514638  1407375  1180758   92.40%   88.04%   81.80%   68.63%
  224  1590254  1515330  1408339  1182604   92.43%   88.08%   81.86%   68.74%
  223  1590847  1515995  1409215  1184415   92.47%   88.11%   81.91%   68.84%
  222  1591404  1516808  1410490  1187159   92.50%   88.16%   81.98%   69.00%
  221  1591960  1517502  1411310  1188340   92.53%   88.20%   82.03%   69.07%
  220  1592614  1518377  1412519  1189795   92.57%   88.25%   82.10%   69.15%
  219  1593399  1519559  1414327  1192596   92.61%   88.32%   82.21%   69.32%
  218  1594292  1520786  1416514  1195951   92.67%   88.39%   82.33%   69.51%
  217  1595230  1522075  1418787  1200256   92.72%   88.47%   82.46%   69.76%
  216  1596201  1523205  1420708  1204777   92.78%   88.53%   82.58%   70.03%
  215  1597148  1524269  1422206  1208925   92.83%   88.60%   82.66%   70.27%
  214  1598194  1525386  1423202  1210390   92.89%   88.66%   82.72%   70.35%
  213  1599552  1526862  1424509  1212087   92.97%   88.75%   82.80%   70.45%
  212  1601038  1528876  1427159  1217228   93.06%   88.86%   82.95%   70.75%
  211  1602560  1531044  1430114  1222575   93.15%   88.99%   83.12%   71.06%
  210  1604125  1533289  1433005  1227636   93.24%   89.12%   83.29%   71.35%
  209  1605755  1535759  1436468  1232193   93.33%   89.26%   83.49%   71.62%
  208  1607283  1539134  1441010  1239562   93.42%   89.46%   83.76%   72.05%
  207  1608773  1542627  1445827  1247278   93.51%   89.66%   84.04%   72.50%
  206  1610201  1546009  1450964  1256188   93.59%   89.86%   84.33%   73.01%
  205  1611510  1548863  1456102  1265487   93.67%   90.03%   84.63%   73.55%
  204  1612670  1551368  1461239  1274679   93.73%   90.17%   84.93%   74.09%
  203  1613657  1553573  1465395  1282628   93.79%   90.30%   85.17%   74.55%
  202  1614582  1555318  1468775  1290545   93.84%   90.40%   85.37%   75.01%
  201  1615717  1556714  1470482  1293134   93.91%   90.48%   85.47%   75.16%
  200  1616608  1557800  1471693  1294799   93.96%   90.54%   85.54%   75.26%
  199  1617569  1559141  1473325  1297364   94.02%   90.62%   85.63%   75.41%
  198  1618391  1560730  1475306  1300162   94.07%   90.71%   85.75%   75.57%
  197  1619218  1562411  1477431  1303067   94.11%   90.81%   85.87%   75.74%
  196  1620070  1564082  1479881  1306964   94.16%   90.91%   86.02%   75.97%
  195  1620909  1565660  1482425  1310915   94.21%   91.00%   86.16%   76.19%
  194  1621734  1567299  1485489  1317035   94.26%   91.10%   86.34%   76.55%
  193  1622575  1568890  1488579  1323613   94.31%   91.19%   86.52%   76.93%
  192  1623299  1570295  1491279  1329716   94.35%   91.27%   86.68%   77.29%
  191  1623956  1571399  1493525  1335144   94.39%   91.33%   86.81%   77.60%
  190  1624520  1572356  1495007  1338197   94.42%   91.39%   86.89%   77.78%
  189  1625078  1573167  1496279  1340875   94.45%   91.44%   86.97%   77.94%
  188  1625627  1574018  1497357  1342814   94.49%   91.49%   87.03%   78.05%
  187  1626216  1574815  1498267  1344266   94.52%   91.53%   87.08%   78.13%
  186  1626815  1575614  1499172  1345421   94.56%   91.58%   87.14%   78.20%
  185  1627402  1576451  1500338  1346645   94.59%   91.63%   87.20%   78.27%
  184  1627943  1577443  1501954  1348696   94.62%   91.69%   87.30%   78.39%
  183  1628485  1578495  1503784  1351448   94.65%   91.75%   87.40%   78.55%
  182  1629053  1579399  1505082  1353525   94.69%   91.80%   87.48%   78.67%
  181  1629621  1580450  1507389  1360105   94.72%   91.86%   87.61%   79.05%
  180  1630157  1581450  1509635  1367081   94.75%   91.92%   87.74%   79.46%
  179  1630644  1582438  1511387  1373131   94.78%   91.98%   87.85%   79.81%
  178  1631068  1583226  1512615  1376287   94.80%   92.02%   87.92%   79.99%
  177  1631496  1583852  1513493  1378188   94.83%   92.06%   87.97%   80.10%
  176  1631882  1584443  1514221  1379439   94.85%   92.09%   88.01%   80.18%
  175  1632294  1585138  1515133  1381388   94.87%   92.13%   88.06%   80.29%
  174  1632717  1585857  1516578  1384340   94.90%   92.18%   88.15%   80.46%
  173  1633142  1586463  1518097  1387386   94.92%   92.21%   88.24%   80.64%
  172  1633528  1587004  1519350  1389905   94.95%   92.24%   88.31%   80.79%
  171  1633867  1587451  1520306  1392588   94.97%   92.27%   88.37%   80.94%
  170  1634182  1587821  1520899  1394850   94.98%   92.29%   88.40%   81.07%
  169  1634502  1588142  1521316  1395884   95.00%   92.31%   88.42%   81.13%
  168  1634843  1588404  1521641  1396476   95.02%   92.32%   88.44%   81.17%
  167  1635158  1588669  1521980  1397015   95.04%   92.34%   88.46%   81.20%
  166  1635519  1588976  1522293  1397542   95.06%   92.36%   88.48%   81.23%
  165  1635924  1589305  1522606  1398068   95.09%   92.38%   88.50%   81.26%
  164  1636357  1589628  1522975  1398653   95.11%   92.39%   88.52%   81.29%
  163  1636833  1590100  1523516  1399523   95.14%   92.42%   88.55%   81.34%
  162  1637370  1590629  1524067  1400410   95.17%   92.45%   88.58%   81.40%
  161  1637936  1591230  1524755  1401440   95.20%   92.49%   88.62%   81.46%
  160  1638524  1592001  1525564  1402643   95.24%   92.53%   88.67%   81.53%
  159  1639197  1592880  1526658  1404887   95.28%   92.58%   88.73%   81.66%
  158  1639865  1593854  1527921  1407461   95.31%   92.64%   88.81%   81.81%
  157  1640595  1594785  1529036  1409394   95.36%   92.69%   88.87%   81.92%
  156  1641426  1595904  1530038  1410592   95.41%   92.76%   88.93%   81.99%
  155  1642494  1597989  1532569  1414897   95.47%   92.88%   89.08%   82.24%
  154  1643610  1599846  1535195  1418693   95.53%   92.99%   89.23%   82.46%
  153  1645187  1603077  1540287  1425058   95.62%   93.18%   89.53%   82.83%
  152  1646337  1606023  1544715  1432859   95.69%   93.35%   89.78%   83.28%
  151  1647174  1607867  1549450  1439336   95.74%   93.45%   90.06%   83.66%
  150  1647866  1609229  1554668  1446139   95.78%   93.53%   90.36%   84.05%
  149  1648521  1610287  1558011  1454245   95.82%   93.60%   90.56%   84.53%
  148  1649120  1611149  1559983  1462302   95.85%   93.65%   90.67%   84.99%
  147  1649734  1611837  1560952  1464637   95.89%   93.69%   90.73%   85.13%
  146  1650346  1612528  1561843  1466442   95.92%   93.73%   90.78%   85.23%
  145  1650985  1613238  1562620  1467780   95.96%   93.77%   90.82%   85.31%
  144  1651577  1613868  1563364  1468941   96.00%   93.80%   90.87%   85.38%
  143  1652131  1614577  1564095  1470138   96.03%   93.84%   90.91%   85.45%
  142  1652714  1615215  1564827  1471339   96.06%   93.88%   90.95%   85.52%
  141  1653224  1615832  1565565  1472497   96.09%   93.92%   91.00%   85.59%
  140  1653718  1616468  1566390  1473855   96.12%   93.95%   91.04%   85.67%
  139  1654198  1617048  1567149  1475205   96.15%   93.99%   91.09%   85.74%
  138  1654650  1617608  1567918  1476454   96.17%   94.02%   91.13%   85.82%
  137  1655044  1618061  1568510  1477538   96.20%   94.05%   91.17%   85.88%
  136  1655409  1618502  1569028  1478635   96.22%   94.07%   91.20%   85.94%
  135  1655900  1618929  1569536  1479495   96.25%   94.10%   91.23%   85.99%
  134  1656300  1619258  1569944  1480180   96.27%   94.12%   91.25%   86.03%
  133  1656681  1619572  1570244  1480647   96.29%   94.13%   91.27%   86.06%
  132  1657072  1619927  1570624  1481138   96.31%   94.16%   91.29%   86.09%
  131  1657521  1620312  1570990  1481651   96.34%   94.18%   91.31%   86.12%
  130  1657947  1620718  1571374  1482122   96.37%   94.20%   91.33%   86.15%
  129  1658356  1621157  1571785  1482673   96.39%   94.23%   91.36%   86.18%
  128  1658739  1621610  1572181  1483249   96.41%   94.25%   91.38%   86.21%
  127  1659134  1622067  1572601  1483757   96.43%   94.28%   91.40%   86.24%
  126  1659510  1622622  1573133  1484552   96.46%   94.31%   91.44%   86.29%
  125  1659861  1623161  1573915  1486189   96.48%   94.34%   91.48%   86.38%
  124  1660196  1623683  1574635  1487807   96.50%   94.37%   91.52%   86.48%
  123  1660485  1624063  1575211  1489197   96.51%   94.40%   91.56%   86.56%
  122  1660798  1624373  1575515  1489704   96.53%   94.41%   91.57%   86.59%
  121  1661081  1624667  1575821  1490069   96.55%   94.43%   91.59%   86.61%
  120  1661350  1624906  1576090  1490430   96.56%   94.44%   91.61%   86.63%
  119  1661624  1625164  1576339  1490789   96.58%   94.46%   91.62%   86.65%
  118  1661875  1625362  1576542  1491167   96.59%   94.47%   91.63%   86.67%
  117  1662172  1625588  1576732  1491541   96.61%   94.48%   91.64%   86.69%
  116  1662476  1625818  1576926  1491878   96.63%   94.50%   91.66%   86.71%
  115  1662889  1626080  1577139  1492178   96.65%   94.51%   91.67%   86.73%
  114  1663317  1626326  1577358  1492502   96.68%   94.53%   91.68%   86.75%
  113  1663807  1626648  1577617  1492811   96.71%   94.55%   91.70%   86.77%
  112  1664337  1627035  1577898  1493144   96.74%   94.57%   91.71%   86.79%
  111  1664903  1627492  1578272  1493625   96.77%   94.60%   91.73%   86.81%
  110  1665526  1627996  1578760  1494364   96.81%   94.62%   91.76%   86.86%
  109  1666098  1628492  1579240  1495123   96.84%   94.65%   91.79%   86.90%
  108  1666786  1629066  1579835  1495982   96.88%   94.69%   91.83%   86.95%
  107  1667503  1629616  1580350  1496742   96.92%   94.72%   91.86%   87.00%
  106  1668185  1630135  1580823  1497447   96.96%   94.75%   91.88%   87.04%
  105  1668870  1630744  1581274  1498072   97.00%   94.78%   91.91%   87.07%
  104  1669590  1631272  1581720  1498558   97.04%   94.81%   91.93%   87.10%
  103  1670479  1631927  1582219  1499095   97.09%   94.85%   91.96%   87.13%
  102  1671403  1632738  1582806  1499696   97.15%   94.90%   92.00%   87.17%
  101  1672298  1633504  1583480  1500389   97.20%   94.94%   92.04%   87.21%
  100  1673070  1634268  1584206  1501304   97.24%   94.99%   92.08%   87.26%
   99  1673830  1635002  1584886  1502216   97.29%   95.03%   92.12%   87.31%
   98  1674637  1635646  1585485  1503015   97.34%   95.07%   92.15%   87.36%
   97  1675420  1636283  1586041  1503744   97.38%   95.11%   92.19%   87.40%
   96  1676280  1636889  1586504  1504326   97.43%   95.14%   92.21%   87.44%
   95  1677101  1637455  1587002  1504893   97.48%   95.17%   92.24%   87.47%
   94  1677928  1638107  1587412  1505375   97.53%   95.21%   92.27%   87.50%
   93  1678772  1638738  1587840  1505783   97.58%   95.25%   92.29%   87.52%
   92  1679646  1639462  1588361  1506319   97.63%   95.29%   92.32%   87.55%
   91  1680528  1640190  1589013  1506971   97.68%   95.33%   92.36%   87.59%
   90  1681371  1640925  1589674  1507681   97.73%   95.38%   92.40%   87.63%
   89  1682212  1641721  1590332  1508427   97.78%   95.42%   92.44%   87.67%
   88  1683162  1642505  1590960  1509107   97.83%   95.47%   92.47%   87.71%
   87  1684027  1643426  1591634  1509792   97.88%   95.52%   92.51%   87.75%
   86  1685006  1644415  1592379  1510532   97.94%   95.58%   92.55%   87.80%
   85  1686453  1646035  1593784  1511853   98.02%   95.67%   92.64%   87.87%
   84  1687586  1647555  1595318  1513491   98.09%   95.76%   92.73%   87.97%
   83  1688617  1649003  1597193  1516051   98.15%   95.85%   92.83%   88.12%
   82  1689585  1650290  1598854  1518479   98.20%   95.92%   92.93%   88.26%
   81  1690559  1651567  1600318  1521346   98.26%   95.99%   93.02%   88.43%
   80  1691474  1652859  1601581  1523590   98.31%   96.07%   93.09%   88.56%
   79  1692406  1654122  1602711  1524612   98.37%   96.14%   93.15%   88.62%
   78  1693268  1655465  1604138  1526177   98.42%   96.22%   93.24%   88.71%
   77  1694055  1656748  1605529  1527800   98.46%   96.30%   93.32%   88.80%
   76  1694804  1657968  1606888  1529407   98.51%   96.37%   93.40%   88.89%
   75  1695550  1659081  1608168  1530701   98.55%   96.43%   93.47%   88.97%
   74  1696231  1660145  1609396  1531954   98.59%   96.49%   93.54%   89.04%
   73  1696858  1661120  1610578  1533214   98.63%   96.55%   93.61%   89.12%
   72  1697470  1661994  1611664  1534438   98.66%   96.60%   93.68%   89.19%
   71  1697997  1662812  1612600  1535499   98.69%   96.65%   93.73%   89.25%
   70  1698470  1663475  1613313  1536394   98.72%   96.69%   93.77%   89.30%
   69  1698877  1664051  1613964  1537054   98.74%   96.72%   93.81%   89.34%
   68  1699334  1664670  1614511  1537594   98.77%   96.76%   93.84%   89.37%
   67  1699714  1665169  1614916  1537974   98.79%   96.79%   93.86%   89.39%
   66  1700073  1665594  1615289  1538327   98.81%   96.81%   93.89%   89.41%
   65  1700430  1666018  1615674  1538646   98.83%   96.83%   93.91%   89.43%
   64  1700844  1666516  1616078  1538997   98.86%   96.86%   93.93%   89.45%
   63  1701239  1667023  1616482  1539351   98.88%   96.89%   93.96%   89.47%
   62  1701600  1667579  1616929  1539629   98.90%   96.93%   93.98%   89.49%
   61  1702010  1668157  1617402  1539961   98.93%   96.96%   94.01%   89.51%
   60  1702375  1668715  1617924  1540354   98.95%   96.99%   94.04%   89.53%
   59  1702717  1669263  1618461  1540802   98.97%   97.02%   94.07%   89.56%
   58  1703165  1669844  1619080  1541378   98.99%   97.06%   94.11%   89.59%
   57  1703672  1670598  1619817  1541980   99.02%   97.10%   94.15%   89.62%
   56  1704213  1671393  1620693  1542639   99.05%   97.15%   94.20%   89.66%
   55  1704748  1672204  1621467  1543133   99.09%   97.19%   94.25%   89.69%
   54  1705268  1673257  1622409  1543815   99.12%   97.26%   94.30%   89.73%
   53  1705812  1674705  1624365  1546249   99.15%   97.34%   94.41%   89.87%
   52  1706301  1676169  1626639  1548854   99.18%   97.42%   94.55%   90.02%
   51  1706822  1677374  1628764  1551471   99.21%   97.49%   94.67%   90.18%
   50  1707386  1678364  1630177  1552727   99.24%   97.55%   94.75%   90.25%
   49  1708001  1679466  1631536  1554073   99.27%   97.62%   94.83%   90.33%
   48  1708672  1680916  1633708  1556533   99.31%   97.70%   94.96%   90.47%
   47  1709361  1682838  1636071  1558641   99.35%   97.81%   95.09%   90.59%
   46  1709994  1685064  1640876  1566383   99.39%   97.94%   95.37%   91.04%
   45  1710676  1687189  1645797  1575145   99.43%   98.07%   95.66%   91.55%
   44  1711182  1688927  1650154  1584182   99.46%   98.17%   95.91%   92.08%
   43  1711718  1690263  1653206  1591436   99.49%   98.24%   96.09%   92.50%
   42  1712257  1691119  1654282  1592810   99.52%   98.29%   96.15%   92.58%
   41  1712968  1692161  1655338  1593932   99.56%   98.35%   96.21%   92.64%
   40  1713442  1693136  1656536  1595042   99.59%   98.41%   96.28%   92.71%
   39  1713963  1694424  1658860  1598971   99.62%   98.49%   96.42%   92.94%
   38  1714441  1695658  1661265  1603286   99.65%   98.56%   96.56%   93.19%
   37  1714963  1696894  1663385  1606828   99.68%   98.63%   96.68%   93.39%
   36  1715509  1698005  1664920  1608569   99.71%   98.69%   96.77%   93.50%
   35  1715992  1699149  1666780  1611243   99.74%   98.76%   96.88%   93.65%
   34  1716431  1700277  1668863  1614056   99.76%   98.83%   97.00%   93.81%
   33  1716833  1701270  1670701  1616655   99.79%   98.88%   97.11%   93.97%
   32  1717202  1702236  1672105  1618130   99.81%   98.94%   97.19%   94.05%
   31  1717530  1703258  1673773  1619934   99.83%   99.00%   97.29%   94.16%
   30  1717826  1704392  1675481  1622048   99.85%   99.06%   97.38%   94.28%
   29  1718092  1705644  1677446  1624654   99.86%   99.14%   97.50%   94.43%
   28  1718360  1707053  1679381  1626729   99.88%   99.22%   97.61%   94.55%
   27  1718536  1708987  1683330  1630773   99.89%   99.33%   97.84%   94.79%
   26  1718687  1711081  1688175  1637382   99.90%   99.45%   98.12%   95.17%
   25  1718783  1712985  1693156  1646278   99.90%   99.56%   98.41%   95.69%
   24  1718825  1714665  1699639  1658357   99.90%   99.66%   98.79%   96.39%
   23  1718853  1715868  1704903  1671670   99.91%   99.73%   99.09%   97.16%
   22  1718899  1716721  1708145  1683811   99.91%   99.78%   99.28%   97.87%
   21  1719001  1717354  1710414  1692229   99.91%   99.82%   99.41%   98.36%
   20  1720059  1718764  1712762  1698367   99.98%   99.90%   99.55%   98.71%
   19  1720110  1719082  1713711  1701782   99.98%   99.92%   99.61%   98.91%
   18  1720171  1719435  1714585  1703974   99.98%   99.94%   99.66%   99.04%
   17  1720231  1719768  1715470  1705613   99.99%   99.96%   99.71%   99.14%
   16  1720261  1719970  1716281  1706892   99.99%   99.97%   99.76%   99.21%
   15  1720288  1720119  1717177  1708421   99.99%   99.98%   99.81%   99.30%
   14  1720302  1720216  1718089  1710162   99.99%   99.98%   99.86%   99.40%
   13  1720353  1720313  1718825  1711886   99.99%   99.99%   99.90%   99.50%
   12  1720395  1720375  1719321  1713179  100.00%   99.99%   99.93%   99.58%
   11  1720429  1720422  1719780  1714785  100.00%  100.00%   99.96%   99.67%
   10  1720431  1720431  1720092  1716291  100.00%  100.00%   99.98%   99.76%
    9  1720433  1720433  1720303  1717559  100.00%  100.00%   99.99%   99.83%
    8  1720434  1720434  1720390  1718536  100.00%  100.00%   99.99%   99.89%
    7  1720437  1720437  1720426  1719286  100.00%  100.00%  100.00%   99.93%
    6  1720438  1720438  1720438  1720071  100.00%  100.00%  100.00%   99.98%
    5  1720439  1720439  1720439  1720332  100.00%  100.00%  100.00%   99.99%
    4  1720441  1720441  1720441  1720440  100.00%  100.00%  100.00%  100.00%
    3  1720451  1720451  1720451  1720451  100.00%  100.00%  100.00%  100.00%
    2  1720455  1720455  1720455  1720455  100.00%  100.00%  100.00%  100.00%
    1  1720480  1720480  1720480  1720480  100.00%  100.00%  100.00%  100.00%

Truncate at first Q
  Len     Q=5    Q=10    Q=15    Q=20
-----  ------  ------  ------  ------
  394    0.4%    0.2%    0.0%    0.0%
  393    0.5%    0.2%    0.0%    0.0%
  392    0.5%    0.2%    0.0%    0.0%
  391    0.5%    0.3%    0.0%    0.0%
  390    0.5%    0.3%    0.0%    0.0%
  389    0.5%    0.3%    0.0%    0.0%
  388    0.5%    0.3%    0.0%    0.0%
  387    0.6%    0.3%    0.0%    0.0%
  386    0.6%    0.3%    0.0%    0.0%
  385    0.6%    0.3%    0.0%    0.0%
  384    0.6%    0.4%    0.0%    0.0%
  383    0.6%    0.4%    0.0%    0.0%
  382    0.7%    0.4%    0.0%    0.0%
  381    0.7%    0.4%    0.0%    0.0%
  380    0.7%    0.4%    0.0%    0.0%
  379    0.7%    0.4%    0.0%    0.0%
  378    0.7%    0.5%    0.0%    0.0%
  377    0.8%    0.5%    0.0%    0.0%
  376    0.8%    0.5%    0.0%    0.0%
  375    0.8%    0.5%    0.0%    0.0%
  374    0.8%    0.5%    0.0%    0.0%
  373    0.9%    0.6%    0.0%    0.0%
  372    0.9%    0.6%    0.0%    0.0%
  371    0.9%    0.6%    0.0%    0.0%
  370    1.0%    0.6%    0.0%    0.0%
  369    1.0%    0.7%    0.0%    0.0%
  368    1.0%    0.7%    0.0%    0.0%
  367    1.1%    0.7%    0.0%    0.0%
  366    1.1%    0.7%    0.0%    0.0%
  365    1.1%    0.8%    0.0%    0.0%
  364    1.2%    0.8%    0.0%    0.0%
  363    1.2%    0.8%    0.0%    0.0%
  362    1.3%    0.9%    0.0%    0.0%
  361    1.3%    0.9%    0.0%    0.0%
  360    1.4%    1.0%    0.0%    0.0%
  359    1.4%    1.0%    0.0%    0.0%
  358    1.5%    1.0%    0.0%    0.0%
  357    1.5%    1.1%    0.0%    0.0%
  356    1.6%    1.1%    0.0%    0.0%
  355    1.6%    1.2%    0.0%    0.0%
  354    1.7%    1.3%    0.0%    0.0%
  353    1.8%    1.3%    0.0%    0.0%
  352    1.9%    1.4%    0.0%    0.0%
  351    2.0%    1.5%    0.0%    0.0%
  350    2.1%    1.6%    0.1%    0.0%
  349    2.4%    1.9%    0.2%    0.1%
  348    2.5%    2.0%    0.2%    0.1%
  347    2.6%    2.1%    0.2%    0.1%
  346    2.8%    2.3%    0.2%    0.1%
  345    2.9%    2.4%    0.2%    0.1%
  344    3.1%    2.6%    0.2%    0.1%
  343    3.3%    2.8%    0.2%    0.1%
  342    3.5%    3.0%    0.2%    0.1%
  341    3.8%    3.2%    0.2%    0.1%
  340    4.1%    3.5%    0.2%    0.1%
  339    4.4%    3.8%    0.2%    0.1%
  338    4.8%    4.2%    0.2%    0.1%
  337    5.2%    4.6%    0.2%    0.1%
  336    5.8%    5.2%    0.2%    0.1%
  335    6.6%    6.0%    0.3%    0.1%
  334    7.9%    7.3%    0.6%    0.2%
  333   10.5%    9.8%    1.3%    0.4%
  332   19.8%   19.0%    6.4%    1.9%
  331   86.7%   85.9%   62.7%   33.6%
  330   95.3%   94.5%   68.5%   37.5%
  329   96.5%   95.7%   69.1%   38.3%
  328   96.7%   96.0%   69.2%   38.4%
  327   96.8%   96.1%   69.2%   38.4%
  326   96.9%   96.2%   69.2%   38.4%
  325   96.9%   96.2%   69.3%   38.5%
  324   96.9%   96.3%   69.3%   38.5%
  323   96.9%   96.3%   69.5%   38.7%
  322   97.0%   96.3%   70.1%   41.8%
  321   97.0%   96.3%   70.3%   42.2%
  320   97.0%   96.4%   70.4%   42.6%
  319   97.1%   96.4%   70.6%   43.0%
  318   97.1%   96.5%   70.8%   46.9%
  317   97.1%   96.5%   70.9%   47.4%
  316   97.1%   96.5%   70.9%   47.4%
  315   97.2%   96.6%   71.0%   47.4%
  314   97.5%   96.9%   71.3%   47.7%
  313   97.6%   97.0%   71.3%   47.7%
  312   97.6%   97.0%   71.4%   47.7%
  311   97.6%   97.0%   71.4%   47.7%
  310   97.6%   97.1%   71.4%   47.7%
  309   97.6%   97.1%   71.4%   47.8%
  308   97.6%   97.1%   71.5%   47.8%
  307   97.6%   97.1%   71.5%   47.8%
  306   97.6%   97.1%   71.5%   47.8%
  305   97.7%   97.1%   71.5%   47.8%
  304   97.7%   97.2%   71.6%   47.8%
  303   97.7%   97.2%   71.6%   47.9%
  302   97.7%   97.2%   71.6%   47.9%
  301   97.7%   97.3%   71.7%   47.9%
  300   97.7%   97.3%   71.7%   48.0%
  299   97.8%   97.3%   71.8%   48.0%
  298   97.8%   97.3%   71.8%   48.0%
  297   97.8%   97.3%   71.8%   48.0%
  296   97.8%   97.4%   71.9%   48.1%
  295   97.8%   97.4%   71.9%   48.1%
  294   97.8%   97.4%   72.0%   48.2%
  293   97.9%   97.4%   72.0%   48.2%
  292   97.9%   97.4%   72.0%   48.2%
  291   97.9%   97.4%   72.0%   48.4%
  290   97.9%   97.5%   72.0%   48.4%
  289   97.9%   97.5%   72.1%   48.4%
  288   98.0%   97.5%   72.1%   48.5%
  287   98.0%   97.5%   72.1%   48.5%
  286   98.0%   97.6%   72.1%   48.5%
  285   98.0%   97.7%   72.2%   48.6%
  284   98.0%   97.8%   72.2%   48.6%
  283   98.0%   97.8%   72.2%   48.6%
  282   98.0%   97.9%   72.4%   48.7%
  281   98.0%   97.9%   74.3%   51.0%
  280   98.1%   97.9%   75.7%   52.7%
  279   98.2%   98.1%   75.9%   52.7%
  278   98.2%   98.1%   76.1%   52.9%
  277   98.2%   98.1%   76.3%   53.1%
  276   98.2%   98.1%   76.6%   53.7%
  275   98.3%   98.1%   77.0%   54.2%
  274   98.3%   98.2%   80.0%   58.2%
  273   98.3%   98.2%   80.2%   58.6%
  272   98.3%   98.2%   80.2%   58.7%
  271   98.3%   98.2%   80.3%   58.7%
  270   98.3%   98.2%   80.3%   58.9%
  269   98.3%   98.2%   80.3%   58.9%
  268   98.3%   98.2%   80.4%   58.9%
  267   98.3%   98.2%   80.4%   59.0%
  266   98.3%   98.2%   80.5%   59.2%
  265   98.4%   98.2%   80.5%   59.2%
  264   98.4%   98.2%   80.5%   59.3%
  263   98.4%   98.3%   80.6%   59.3%
  262   98.4%   98.3%   80.6%   59.4%
  261   98.4%   98.3%   80.6%   59.4%
  260   98.4%   98.3%   80.7%   59.5%
  259   98.4%   98.3%   80.7%   59.5%
  258   98.4%   98.3%   80.7%   59.6%
  257   98.4%   98.3%   80.7%   59.6%
  256   98.4%   98.3%   80.8%   59.7%
  255   98.4%   98.3%   80.8%   59.7%
  254   98.4%   98.3%   80.8%   59.8%
  253   98.4%   98.3%   80.8%   59.8%
  252   98.4%   98.3%   80.9%   59.8%
  251   98.4%   98.3%   80.9%   59.9%
  250   98.5%   98.3%   81.1%   60.7%
  249   98.5%   98.4%   81.2%   60.7%
  248   98.5%   98.4%   81.3%   61.1%
  247   98.5%   98.4%   81.4%   61.3%
  246   98.5%   98.4%   81.4%   61.4%
  245   98.5%   98.4%   81.5%   61.5%
  244   98.5%   98.4%   81.6%   62.0%
  243   98.5%   98.4%   81.7%   62.0%
  242   98.5%   98.4%   81.7%   62.1%
  241   98.5%   98.4%   81.9%   62.5%
  240   98.5%   98.4%   81.9%   62.6%
  239   98.5%   98.4%   81.9%   62.6%
  238   98.5%   98.4%   81.9%   62.6%
  237   98.5%   98.4%   81.9%   62.6%
  236   98.5%   98.4%   82.0%   62.6%
  235   98.5%   98.4%   82.0%   62.6%
  234   98.5%   98.4%   82.0%   62.7%
  233   98.5%   98.4%   82.0%   62.8%
  232   98.5%   98.5%   82.0%   62.8%
  231   98.5%   98.5%   82.1%   62.9%
  230   98.5%   98.5%   82.1%   62.9%
  229   98.5%   98.5%   82.1%   63.0%
  228   98.5%   98.5%   82.2%   63.1%
  227   98.5%   98.5%   82.2%   63.4%
  226   98.5%   98.5%   82.3%   63.5%
  225   98.6%   98.5%   82.3%   63.6%
  224   98.6%   98.5%   82.4%   63.8%
  223   98.6%   98.5%   82.4%   63.8%
  222   98.6%   98.5%   82.5%   64.0%
  221   98.6%   98.5%   82.8%   64.3%
  220   98.6%   98.5%   82.8%   64.4%
  219   98.6%   98.5%   82.8%   64.4%
  218   98.6%   98.5%   82.9%   64.4%
  217   98.6%   98.5%   82.9%   64.5%
  216   98.6%   98.5%   83.0%   64.6%
  215   98.6%   98.5%   83.0%   64.7%
  214   98.6%   98.6%   83.3%   65.3%
  213   98.6%   98.6%   83.4%   65.5%
  212   98.6%   98.6%   83.4%   65.5%
  211   98.6%   98.6%   83.5%   65.5%
  210   98.6%   98.6%   83.5%   65.6%
  209   98.6%   98.6%   83.7%   66.2%
  208   98.6%   98.6%   83.9%   66.6%
  207   98.6%   98.6%   84.0%   66.8%
  206   98.7%   98.6%   84.2%   66.9%
  205   98.7%   98.6%   84.3%   67.5%
  204   98.7%   98.6%   84.5%   68.0%
  203   98.7%   98.6%   84.8%   68.5%
  202   98.7%   98.7%   85.0%   68.7%
  201   98.7%   98.7%   85.8%   69.9%
  200   98.7%   98.7%   85.9%   70.1%
  199   98.7%   98.7%   85.9%   70.1%
  198   98.8%   98.7%   86.0%   70.3%
  197   98.8%   98.7%   86.0%   70.3%
  196   98.8%   98.7%   86.1%   70.6%
  195   98.8%   98.7%   86.2%   70.7%
  194   98.8%   98.7%   86.3%   70.8%
  193   98.8%   98.8%   86.5%   71.0%
  192   98.8%   98.8%   86.7%   71.4%
  191   98.8%   98.8%   86.9%   71.7%
  190   98.8%   98.8%   87.2%   72.7%
  189   98.8%   98.8%   87.2%   72.8%
  188   98.8%   98.8%   87.3%   73.1%
  187   98.8%   98.8%   87.4%   73.2%
  186   98.8%   98.8%   87.5%   73.4%
  185   98.8%   98.8%   87.5%   73.4%
  184   98.8%   98.8%   87.5%   73.4%
  183   98.8%   98.8%   87.6%   73.5%
  182   98.8%   98.8%   87.7%   73.6%
  181   98.8%   98.8%   87.7%   73.7%
  180   98.8%   98.8%   87.8%   73.9%
  179   98.8%   98.8%   87.9%   74.1%
  178   98.8%   98.8%   88.2%   76.1%
  177   98.8%   98.8%   88.3%   76.4%
  176   98.9%   98.8%   88.3%   76.8%
  175   98.9%   98.8%   88.4%   76.9%
  174   98.9%   98.8%   88.4%   76.9%
  173   98.9%   98.9%   88.4%   77.0%
  172   98.9%   98.9%   88.5%   77.5%
  171   98.9%   98.9%   88.6%   77.6%
  170   98.9%   98.9%   88.6%   77.7%
  169   98.9%   98.9%   88.8%   78.0%
  168   98.9%   98.9%   88.8%   78.2%
  167   98.9%   98.9%   88.8%   78.2%
  166   98.9%   98.9%   88.8%   78.2%
  165   98.9%   98.9%   88.8%   78.3%
  164   98.9%   98.9%   88.8%   78.3%
  163   98.9%   98.9%   88.8%   78.3%
  162   98.9%   98.9%   88.9%   78.3%
  161   98.9%   98.9%   88.9%   78.3%
  160   98.9%   98.9%   88.9%   78.4%
  159   99.0%   98.9%   88.9%   78.4%
  158   99.0%   99.0%   88.9%   78.5%
  157   99.0%   99.0%   89.0%   78.7%
  156   99.0%   99.0%   89.1%   78.9%
  155   99.0%   99.0%   89.1%   79.0%
  154   99.0%   99.0%   89.2%   79.2%
  153   99.0%   99.0%   89.3%   79.2%
  152   99.1%   99.1%   89.3%   79.3%
  151   99.1%   99.1%   89.5%   79.9%
  150   99.1%   99.1%   89.7%   80.3%
  149   99.1%   99.1%   89.8%   80.6%
  148   99.1%   99.1%   90.0%   81.0%
  147   99.1%   99.1%   90.7%   81.9%
  146   99.2%   99.2%   91.0%   82.2%
  145   99.2%   99.2%   91.0%   82.4%
  144   99.2%   99.2%   91.1%   82.5%
  143   99.2%   99.2%   91.1%   82.5%
  142   99.2%   99.2%   91.1%   82.6%
  141   99.2%   99.2%   91.2%   82.6%
  140   99.2%   99.2%   91.2%   82.7%
  139   99.2%   99.2%   91.2%   82.7%
  138   99.2%   99.2%   91.3%   82.8%
  137   99.2%   99.2%   91.3%   82.9%
  136   99.2%   99.2%   91.3%   83.0%
  135   99.2%   99.2%   91.4%   83.0%
  134   99.2%   99.2%   91.4%   83.1%
  133   99.2%   99.2%   91.4%   83.1%
  132   99.2%   99.2%   91.4%   83.2%
  131   99.2%   99.2%   91.5%   83.2%
  130   99.2%   99.2%   91.5%   83.2%
  129   99.2%   99.2%   91.5%   83.2%
  128   99.3%   99.3%   91.5%   83.2%
  127   99.3%   99.3%   91.5%   83.2%
  126   99.3%   99.3%   91.5%   83.3%
  125   99.3%   99.3%   91.5%   83.3%
  124   99.3%   99.3%   91.6%   83.3%
  123   99.3%   99.3%   91.6%   83.3%
  122   99.3%   99.3%   91.6%   83.5%
  121   99.3%   99.3%   91.6%   83.5%
  120   99.3%   99.3%   91.7%   83.5%
  119   99.3%   99.3%   91.7%   83.6%
  118   99.3%   99.3%   91.7%   83.6%
  117   99.3%   99.3%   91.7%   83.6%
  116   99.3%   99.3%   91.7%   83.6%
  115   99.3%   99.3%   91.7%   83.6%
  114   99.3%   99.3%   91.7%   83.6%
  113   99.3%   99.3%   91.7%   83.6%
  112   99.3%   99.3%   91.7%   83.6%
  111   99.3%   99.3%   91.7%   83.6%
  110   99.4%   99.4%   91.7%   83.6%
  109   99.4%   99.4%   91.8%   83.6%
  108   99.4%   99.4%   91.8%   83.7%
  107   99.4%   99.4%   91.8%   83.7%
  106   99.4%   99.4%   91.8%   83.7%
  105   99.4%   99.4%   91.8%   83.7%
  104   99.4%   99.4%   91.8%   83.8%
  103   99.4%   99.4%   91.9%   83.8%
  102   99.4%   99.4%   91.9%   83.8%
  101   99.4%   99.4%   91.9%   83.8%
  100   99.4%   99.4%   91.9%   83.8%
   99   99.4%   99.4%   91.9%   83.9%
   98   99.4%   99.4%   92.0%   83.9%
   97   99.4%   99.4%   92.0%   83.9%
   96   99.4%   99.4%   92.0%   84.0%
   95   99.4%   99.4%   92.0%   84.0%
   94   99.5%   99.5%   92.1%   84.0%
   93   99.5%   99.5%   92.1%   84.0%
   92   99.5%   99.5%   92.1%   84.0%
   91   99.5%   99.5%   92.1%   84.1%
   90   99.5%   99.5%   92.1%   84.1%
   89   99.5%   99.5%   92.2%   84.1%
   88   99.5%   99.5%   92.2%   84.1%
   87   99.5%   99.5%   92.2%   84.2%
   86   99.5%   99.5%   92.2%   84.2%
   85   99.5%   99.5%   92.3%   84.2%
   84   99.5%   99.5%   92.3%   84.3%
   83   99.5%   99.5%   92.4%   84.3%
   82   99.6%   99.6%   92.4%   84.3%
   81   99.6%   99.6%   92.4%   84.4%
   80   99.6%   99.6%   92.5%   84.4%
   79   99.6%   99.6%   92.7%   84.9%
   78   99.6%   99.6%   92.8%   85.0%
   77   99.6%   99.6%   92.8%   85.0%
   76   99.6%   99.6%   92.9%   85.1%
   75   99.6%   99.6%   93.0%   85.2%
   74   99.6%   99.6%   93.0%   85.2%
   73   99.6%   99.6%   93.1%   85.3%
   72   99.6%   99.6%   93.1%   85.4%
   71   99.6%   99.6%   93.2%   85.4%
   70   99.6%   99.6%   93.2%   85.5%
   69   99.6%   99.6%   93.3%   85.6%
   68   99.7%   99.7%   93.3%   85.6%
   67   99.7%   99.7%   93.4%   85.7%
   66   99.7%   99.7%   93.4%   85.7%
   65   99.7%   99.7%   93.4%   85.7%
   64   99.7%   99.7%   93.4%   85.7%
   63   99.7%   99.7%   93.4%   85.7%
   62   99.7%   99.7%   93.4%   85.7%
   61   99.7%   99.7%   93.4%   85.7%
   60   99.7%   99.7%   93.4%   85.7%
   59   99.7%   99.7%   93.4%   85.7%
   58   99.7%   99.7%   93.5%   85.7%
   57   99.7%   99.7%   93.5%   85.8%
   56   99.8%   99.8%   93.5%   85.8%
   55   99.8%   99.8%   93.5%   85.8%
   54   99.8%   99.8%   93.5%   85.8%
   53   99.8%   99.8%   93.5%   85.8%
   52   99.8%   99.8%   93.6%   85.8%
   51   99.8%   99.8%   93.6%   85.9%
   50   99.8%   99.8%   93.7%   86.0%

   1720480  Recs (1.7M), 0 too long
     335.5  Avg length
    577.3M  Bases

              Id      Allocs       Frees     Pct         Bytes
----------------  ----------  ----------  ------  ------------
----------------  ----------  ----------  ------  ------------
           Total           0           0    0.0%          0.0b

        37Mb  Curr mem
        37Mb  Peak mem
        0.0b  Total alloc
        0.0b  Total free
        0.0b  Net
        37Mb  +Excess

            Type        Busy        Free         Mem   MaxRefCnt        Gets      Allocs       Frees
----------------  ----------  ----------  ----------  ----------  ----------  ----------  ----------
         SeqInfo           0           0        0.0b           0
        PathInfo           0           0        0.0b           0
     AlignResult           0           0        0.0b           0

Finished Thu Jan 16 08:25:53 2014
Elapsed time 00:25
Max memory 37Mb
